<?xml version="1.0" encoding="utf-8"?>
<CoverageSession xmlns:xsd="http://www.w3.org/2001/XMLSchema" xmlns:xsi="http://www.w3.org/2001/XMLSchema-instance" Version="0.0.0.0">
  <Summary numSequencePoints="3282" visitedSequencePoints="2339" numBranchPoints="0" visitedBranchPoints="0" sequenceCoverage="71.27" branchCoverage="0.0" maxCyclomaticComplexity="0" minCyclomaticComplexity="0" maxCrapScore="0" minCrapScore="0" visitedClasses="113" numClasses="129" visitedMethods="431" numMethods="468" />
  <Modules>
    <Module>
      <Summary numSequencePoints="1372" visitedSequencePoints="933" numBranchPoints="0" visitedBranchPoints="0" sequenceCoverage="68.00" branchCoverage="0.0" maxCyclomaticComplexity="0" minCyclomaticComplexity="0" maxCrapScore="0" minCrapScore="0" visitedClasses="49" numClasses="60" visitedMethods="186" numMethods="209" />
      <ModuleTime>0001-01-01T00:00:00</ModuleTime>
      <ModuleName>UnityEditor.TestRunner</ModuleName>
      <Files>
        <File uid="1" fullPath="./Library/PackageCache/com.unity.test-framework@1.1.33/UnityEditor.TestRunner/TestRunner/Messages/EnterPlayMode.cs" />
        <File uid="2" fullPath="./Library/PackageCache/com.unity.test-framework@1.1.33/UnityEditor.TestRunner/TestRunner/Messages/ExitPlayMode.cs" />
        <File uid="3" fullPath="./Library/PackageCache/com.unity.test-framework@1.1.33/UnityEditor.TestRunner/TestRunner/Messages/RecompileScripts.cs" />
        <File uid="4" fullPath="./Library/PackageCache/com.unity.test-framework@1.1.33/UnityEditor.TestRunner/TestRunner/Messages/WaitForDomainReload.cs" />
        <File uid="5" fullPath="./Library/PackageCache/com.unity.test-framework@1.1.33/UnityEditor.TestRunner/TestRunner/Callbacks/WindowResultUpdaterDataHolder.cs" />
        <File uid="6" fullPath="./Library/PackageCache/com.unity.test-framework@1.1.33/UnityEditor.TestRunner/TestBuildAssemblyFilter.cs" />
        <File uid="7" fullPath="./Library/PackageCache/com.unity.test-framework@1.1.33/UnityEditor.TestRunner/TestLaunchers/RemotePlayerLogController.cs" />
        <File uid="8" fullPath="./Library/PackageCache/com.unity.test-framework@1.1.33/UnityEditor.TestRunner/TestLaunchers/RemotePlayerTestController.cs" />
        <File uid="9" fullPath="./Library/PackageCache/com.unity.test-framework@1.1.33/UnityEditor.TestRunner/CommandLineParser/CommandLineOption.cs" />
        <File uid="10" fullPath="./Library/PackageCache/com.unity.test-framework@1.1.33/UnityEditor.TestRunner/CommandLineParser/CommandLineOptionSet.cs" />
        <File uid="11" fullPath="./Library/PackageCache/com.unity.test-framework@1.1.33/UnityEditor.TestRunner/NUnitExtension/Attributes/TestPlayerBuildModifierAttribute.cs" />
        <File uid="12" fullPath="./Library/PackageCache/com.unity.test-framework@1.1.33/UnityEditor.TestRunner/RequireApiProfileAttribute.cs" />
        <File uid="13" fullPath="./Library/PackageCache/com.unity.test-framework@1.1.33/UnityEditor.TestRunner/RequirePlatformSupportAttribute.cs" />
        <File uid="14" fullPath="./Library/PackageCache/com.unity.test-framework@1.1.33/UnityEditor.TestRunner/NUnitExtension/TestRunnerStateSerializer.cs" />
        <File uid="15" fullPath="./Library/PackageCache/com.unity.test-framework@1.1.33/UnityEditor.TestRunner/TestLaunchers/AttributeFinderBase.cs" />
        <File uid="16" fullPath="./Library/PackageCache/com.unity.test-framework@1.1.33/UnityEditor.TestRunner/TestLaunchers/DelayedCallback.cs" />
        <File uid="17" fullPath="./Library/PackageCache/com.unity.test-framework@1.1.33/UnityEditor.TestRunner/TestLaunchers/EditModeLauncher.cs" />
        <File uid="18" fullPath="./Library/PackageCache/com.unity.test-framework@1.1.33/UnityEditor.TestRunner/TestLaunchers/EditModeLauncherContextSettings.cs" />
        <File uid="19" fullPath="./Library/PackageCache/com.unity.test-framework@1.1.33/UnityEditor.TestRunner/TestLaunchers/PlatformSetup/AndroidPlatformSetup.cs" />
        <File uid="20" fullPath="./Library/PackageCache/com.unity.test-framework@1.1.33/UnityEditor.TestRunner/TestLaunchers/PlatformSetup/ApplePlatformSetup.cs" />
        <File uid="21" fullPath="./Library/PackageCache/com.unity.test-framework@1.1.33/UnityEditor.TestRunner/TestLaunchers/PlatformSetup/LuminPlatformSetup.cs" />
        <File uid="22" fullPath="./Library/PackageCache/com.unity.test-framework@1.1.33/UnityEditor.TestRunner/TestLaunchers/PlatformSetup/PlatformSpecificSetup.cs" />
        <File uid="23" fullPath="./Library/PackageCache/com.unity.test-framework@1.1.33/UnityEditor.TestRunner/TestLaunchers/PlatformSetup/StadiaPlatformSetup.cs" />
        <File uid="24" fullPath="./Library/PackageCache/com.unity.test-framework@1.1.33/UnityEditor.TestRunner/TestLaunchers/PlatformSetup/SwitchPlatformSetup.cs" />
        <File uid="25" fullPath="./Library/PackageCache/com.unity.test-framework@1.1.33/UnityEditor.TestRunner/TestLaunchers/PlatformSetup/UwpPlatformSetup.cs" />
        <File uid="26" fullPath="./Library/PackageCache/com.unity.test-framework@1.1.33/UnityEditor.TestRunner/TestLaunchers/PlayerLauncher.cs" />
        <File uid="27" fullPath="./Library/PackageCache/com.unity.test-framework@1.1.33/UnityEditor.TestRunner/TestLaunchers/PlayerLauncherBuildOptions.cs" />
        <File uid="28" fullPath="./Library/PackageCache/com.unity.test-framework@1.1.33/UnityEditor.TestRunner/TestLaunchers/PlayerLauncherContextSettings.cs" />
        <File uid="29" fullPath="./Library/PackageCache/com.unity.test-framework@1.1.33/UnityEditor.TestRunner/TestLaunchers/PlayerLauncherTestRunSettings.cs" />
        <File uid="30" fullPath="./Library/PackageCache/com.unity.test-framework@1.1.33/UnityEditor.TestRunner/TestLaunchers/PlaymodeLauncher.cs" />
        <File uid="31" fullPath="./Library/PackageCache/com.unity.test-framework@1.1.33/UnityEditor.TestRunner/TestLaunchers/PostbuildCleanupAttributeFinder.cs" />
        <File uid="32" fullPath="./Library/PackageCache/com.unity.test-framework@1.1.33/UnityEditor.TestRunner/TestLaunchers/PrebuildSetupAttributeFinder.cs" />
        <File uid="33" fullPath="./Library/PackageCache/com.unity.test-framework@1.1.33/UnityEditor.TestRunner/TestLaunchers/RemoteTestResultReciever.cs" />
        <File uid="34" fullPath="./Library/PackageCache/com.unity.test-framework@1.1.33/UnityEditor.TestRunner/TestLaunchers/RuntimeTestLauncherBase.cs" />
        <File uid="35" fullPath="./Library/PackageCache/com.unity.test-framework@1.1.33/UnityEditor.TestRunner/TestLaunchers/TestLauncherBase.cs" />
        <File uid="36" fullPath="./Library/PackageCache/com.unity.test-framework@1.1.33/UnityEditor.TestRunner/TestResultSerializer.cs" />
        <File uid="37" fullPath="./Library/PackageCache/com.unity.test-framework@1.1.33/UnityEditor.TestRunner/TestRunner/Callbacks/EditModeRunnerCallback.cs" />
        <File uid="38" fullPath="./Library/PackageCache/com.unity.test-framework@1.1.33/UnityEditor.TestRunner/TestRunner/Callbacks/RerunCallback.cs" />
        <File uid="39" fullPath="./Library/PackageCache/com.unity.test-framework@1.1.33/UnityEditor.TestRunner/TestRunner/Callbacks/RerunCallbackInitializer.cs" />
        <File uid="40" fullPath="./Library/PackageCache/com.unity.test-framework@1.1.33/UnityEditor.TestRunner/TestRunner/Callbacks/TestRunnerCallback.cs" />
        <File uid="41" fullPath="./Library/PackageCache/com.unity.test-framework@1.1.33/UnityEditor.TestRunner/TestRunner/EditModePCHelper.cs" />
        <File uid="42" fullPath="./Library/PackageCache/com.unity.test-framework@1.1.33/UnityEditor.TestRunner/TestRunner/EditModeRunner.cs" />
        <File uid="43" fullPath="./Library/PackageCache/com.unity.test-framework@1.1.33/UnityEditor.TestRunner/TestRunner/EditmodeWorkItemFactory.cs" />
        <File uid="44" fullPath="./Library/PackageCache/com.unity.test-framework@1.1.33/UnityEditor.TestRunner/TestRunner/EditorEnumeratorTestWorkItem.cs" />
        <File uid="45" fullPath="./Library/PackageCache/com.unity.test-framework@1.1.33/UnityEditor.TestRunner/TestRunner/EnumeratorStepHelper.cs" />
        <File uid="46" fullPath="./Library/PackageCache/com.unity.test-framework@1.1.33/UnityEditor.TestRunner/TestRunner/Utils/CachingTestListProvider.cs" />
        <File uid="47" fullPath="./Library/PackageCache/com.unity.test-framework@1.1.33/UnityEditor.TestRunner/TestRunner/Utils/EditorAssembliesProxy.cs" />
        <File uid="48" fullPath="./Library/PackageCache/com.unity.test-framework@1.1.33/UnityEditor.TestRunner/TestRunner/Utils/EditorAssemblyWrapper.cs" />
        <File uid="49" fullPath="./Library/PackageCache/com.unity.test-framework@1.1.33/UnityEditor.TestRunner/TestRunner/Utils/EditorCompilationInterfaceProxy.cs" />
        <File uid="50" fullPath="./Library/PackageCache/com.unity.test-framework@1.1.33/UnityEditor.TestRunner/TestRunner/Utils/EditorLoadedTestAssemblyProvider.cs" />
        <File uid="51" fullPath="./Library/PackageCache/com.unity.test-framework@1.1.33/UnityEditor.TestRunner/TestRunner/Utils/TestListCache.cs" />
        <File uid="52" fullPath="./Library/PackageCache/com.unity.test-framework@1.1.33/UnityEditor.TestRunner/TestRunner/Utils/TestListCacheData.cs" />
        <File uid="53" fullPath="./Library/PackageCache/com.unity.test-framework@1.1.33/UnityEditor.TestRunner/TestRunner/Utils/TestListJob.cs" />
        <File uid="54" fullPath="./Library/PackageCache/com.unity.test-framework@1.1.33/UnityEditor.TestRunner/TestRunner/Utils/TestListProvider.cs" />
        <File uid="55" fullPath="./Library/PackageCache/com.unity.test-framework@1.1.33/UnityEditor.TestRunner/TestRunnerWindow.cs" />
        <File uid="56" fullPath="./Library/PackageCache/com.unity.test-framework@1.1.33/UnityEditor.TestRunner/TestRunnerWindowSettings.cs" />
        <File uid="57" fullPath="./Library/PackageCache/com.unity.test-framework@1.1.33/UnityEditor.TestRunner/TestSettings/TestSettings.cs" />
        <File uid="58" fullPath="./Library/PackageCache/com.unity.test-framework@1.1.33/UnityEditor.TestRunner/TestSettings/TestSettingsDeserializer.cs" />
        <File uid="59" fullPath="./Library/PackageCache/com.unity.test-framework@1.1.33/UnityEditor.TestRunner/UnityTestProtocol/Message.cs" />
        <File uid="60" fullPath="./Library/PackageCache/com.unity.test-framework@1.1.33/UnityEditor.TestRunner/UnityTestProtocol/TestFinishedMessage.cs" />
        <File uid="61" fullPath="./Library/PackageCache/com.unity.test-framework@1.1.33/UnityEditor.TestRunner/UnityTestProtocol/TestPlanMessage.cs" />
        <File uid="62" fullPath="./Library/PackageCache/com.unity.test-framework@1.1.33/UnityEditor.TestRunner/UnityTestProtocol/TestRunnerApiMapper.cs" />
        <File uid="63" fullPath="./Library/PackageCache/com.unity.test-framework@1.1.33/UnityEditor.TestRunner/UnityTestProtocol/TestStartedMessage.cs" />
        <File uid="64" fullPath="./Library/PackageCache/com.unity.test-framework@1.1.33/UnityEditor.TestRunner/UnityTestProtocol/UnityTestProtocolListener.cs" />
        <File uid="65" fullPath="./Library/PackageCache/com.unity.test-framework@1.1.33/UnityEditor.TestRunner/UnityTestProtocol/UnityTestProtocolStarter.cs" />
        <File uid="66" fullPath="./Library/PackageCache/com.unity.test-framework@1.1.33/UnityEditor.TestRunner/UnityTestProtocol/UtpDebuglogger.cs" />
        <File uid="67" fullPath="./Library/PackageCache/com.unity.test-framework@1.1.33/UnityEditor.TestRunner/UnityTestProtocol/UtpMessageReporter.cs" />
        <File uid="68" fullPath="./Library/PackageCache/com.unity.test-framework@1.1.33/UnityEditor.TestRunner/TestRun/TestJobData.cs" />
        <File uid="69" fullPath="./Library/PackageCache/com.unity.test-framework@1.1.33/UnityEditor.TestRunner/TestRun/TestJobDataHolder.cs" />
        <File uid="70" fullPath="./Library/PackageCache/com.unity.test-framework@1.1.33/UnityEditor.TestRunner/TestRun/TestJobRunner.cs" />
        <File uid="71" fullPath="./Library/PackageCache/com.unity.test-framework@1.1.33/UnityEditor.TestRunner/TestRun/Tasks/BuildActionTaskBase.cs" />
        <File uid="72" fullPath="./Library/PackageCache/com.unity.test-framework@1.1.33/UnityEditor.TestRunner/TestRun/Tasks/BuildTestTreeTask.cs" />
        <File uid="73" fullPath="./Library/PackageCache/com.unity.test-framework@1.1.33/UnityEditor.TestRunner/TestRun/Tasks/CleanupVerificationTask.cs" />
        <File uid="74" fullPath="./Library/PackageCache/com.unity.test-framework@1.1.33/UnityEditor.TestRunner/TestRun/Tasks/FileCleanupVerifierTaskBase.cs" />
        <File uid="75" fullPath="./Library/PackageCache/com.unity.test-framework@1.1.33/UnityEditor.TestRunner/TestRun/Tasks/LegacyEditModeRunTask.cs" />
        <File uid="76" fullPath="./Library/PackageCache/com.unity.test-framework@1.1.33/UnityEditor.TestRunner/TestRun/Tasks/LegacyPlayModeRunTask.cs" />
        <File uid="77" fullPath="./Library/PackageCache/com.unity.test-framework@1.1.33/UnityEditor.TestRunner/TestRun/Tasks/PerformUndoTask.cs" />
        <File uid="78" fullPath="./Library/PackageCache/com.unity.test-framework@1.1.33/UnityEditor.TestRunner/TestRun/Tasks/PrebuildSetupTask.cs" />
        <File uid="79" fullPath="./Library/PackageCache/com.unity.test-framework@1.1.33/UnityEditor.TestRunner/TestRun/Tasks/SaveModiedSceneTask.cs" />
        <File uid="80" fullPath="./Library/PackageCache/com.unity.test-framework@1.1.33/UnityEditor.TestRunner/TestRun/Tasks/SaveUndoIndexTask.cs" />
        <File uid="81" fullPath="./Library/PackageCache/com.unity.test-framework@1.1.33/UnityEditor.TestRunner/TestRun/Tasks/TestTaskBase.cs" />
        <File uid="82" fullPath="./Library/PackageCache/com.unity.test-framework@1.1.33/UnityEditor.TestRunner/GUI/AssetsDatabaseHelper.cs" />
        <File uid="83" fullPath="./Library/PackageCache/com.unity.test-framework@1.1.33/UnityEditor.TestRunner/GUI/GuiHelper.cs" />
        <File uid="84" fullPath="./Library/PackageCache/com.unity.test-framework@1.1.33/UnityEditor.TestRunner/GUI/TestListBuilder/ResultSummarizer.cs" />
        <File uid="85" fullPath="./Library/PackageCache/com.unity.test-framework@1.1.33/UnityEditor.TestRunner/GUI/TestListBuilder/TestFilterSettings.cs" />
        <File uid="86" fullPath="./Library/PackageCache/com.unity.test-framework@1.1.33/UnityEditor.TestRunner/GUI/TestListBuilder/TestTreeViewBuilder.cs" />
        <File uid="87" fullPath="./Library/PackageCache/com.unity.test-framework@1.1.33/UnityEditor.TestRunner/GUI/TestListGuiHelper.cs" />
        <File uid="88" fullPath="./Library/PackageCache/com.unity.test-framework@1.1.33/UnityEditor.TestRunner/GUI/TestListTreeView/Icons.cs" />
        <File uid="89" fullPath="./Library/PackageCache/com.unity.test-framework@1.1.33/UnityEditor.TestRunner/GUI/TestListTreeView/TestListTreeViewDataSource.cs" />
        <File uid="90" fullPath="./Library/PackageCache/com.unity.test-framework@1.1.33/UnityEditor.TestRunner/GUI/TestListTreeView/TestListTreeViewGUI.cs" />
        <File uid="91" fullPath="./Library/PackageCache/com.unity.test-framework@1.1.33/UnityEditor.TestRunner/GUI/TestListTreeView/TestTreeViewItem.cs" />
        <File uid="92" fullPath="./Library/PackageCache/com.unity.test-framework@1.1.33/UnityEditor.TestRunner/GUI/TestRunnerResult.cs" />
        <File uid="93" fullPath="./Library/PackageCache/com.unity.test-framework@1.1.33/UnityEditor.TestRunner/GUI/TestRunnerUIFilter.cs" />
        <File uid="94" fullPath="./Library/PackageCache/com.unity.test-framework@1.1.33/UnityEditor.TestRunner/GUI/UITestRunnerFilter.cs" />
        <File uid="95" fullPath="./Library/PackageCache/com.unity.test-framework@1.1.33/UnityEditor.TestRunner/GUI/Views/EditModeTestListGUI.cs" />
        <File uid="96" fullPath="./Library/PackageCache/com.unity.test-framework@1.1.33/UnityEditor.TestRunner/GUI/Views/PlayModeTestListGUI.cs" />
        <File uid="97" fullPath="./Library/PackageCache/com.unity.test-framework@1.1.33/UnityEditor.TestRunner/GUI/Views/TestListGUIBase.cs" />
        <File uid="98" fullPath="./Library/PackageCache/com.unity.test-framework@1.1.33/UnityEditor.TestRunner/TestRunner/Callbacks/WindowResultUpdater.cs" />
        <File uid="99" fullPath="./Library/PackageCache/com.unity.test-framework@1.1.33/UnityEditor.TestRunner/CommandLineTest/Executer.cs" />
        <File uid="100" fullPath="./Library/PackageCache/com.unity.test-framework@1.1.33/UnityEditor.TestRunner/CommandLineTest/ExitCallbacks.cs" />
        <File uid="101" fullPath="./Library/PackageCache/com.unity.test-framework@1.1.33/UnityEditor.TestRunner/CommandLineTest/LogSavingCallbacks.cs" />
        <File uid="102" fullPath="./Library/PackageCache/com.unity.test-framework@1.1.33/UnityEditor.TestRunner/CommandLineTest/LogWriter.cs" />
        <File uid="103" fullPath="./Library/PackageCache/com.unity.test-framework@1.1.33/UnityEditor.TestRunner/CommandLineTest/ResultsSavingCallbacks.cs" />
        <File uid="104" fullPath="./Library/PackageCache/com.unity.test-framework@1.1.33/UnityEditor.TestRunner/CommandLineTest/ResultsWriter.cs" />
        <File uid="105" fullPath="./Library/PackageCache/com.unity.test-framework@1.1.33/UnityEditor.TestRunner/CommandLineTest/RunSettings.cs" />
        <File uid="106" fullPath="./Library/PackageCache/com.unity.test-framework@1.1.33/UnityEditor.TestRunner/CommandLineTest/SettingsBuilder.cs" />
        <File uid="107" fullPath="./Library/PackageCache/com.unity.test-framework@1.1.33/UnityEditor.TestRunner/CommandLineTest/SetupException.cs" />
        <File uid="108" fullPath="./Library/PackageCache/com.unity.test-framework@1.1.33/UnityEditor.TestRunner/CommandLineTest/TestStarter.cs" />
        <File uid="109" fullPath="./Library/PackageCache/com.unity.test-framework@1.1.33/UnityEditor.TestRunner/Api/CallbacksDelegator.cs" />
        <File uid="110" fullPath="./Library/PackageCache/com.unity.test-framework@1.1.33/UnityEditor.TestRunner/Api/CallbacksDelegatorListener.cs" />
        <File uid="111" fullPath="./Library/PackageCache/com.unity.test-framework@1.1.33/UnityEditor.TestRunner/Api/CallbacksHolder.cs" />
        <File uid="112" fullPath="./Library/PackageCache/com.unity.test-framework@1.1.33/UnityEditor.TestRunner/Api/ExecutionSettings.cs" />
        <File uid="113" fullPath="./Library/PackageCache/com.unity.test-framework@1.1.33/UnityEditor.TestRunner/Api/Filter.cs" />
        <File uid="114" fullPath="./Library/PackageCache/com.unity.test-framework@1.1.33/UnityEditor.TestRunner/Api/TestAdaptor.cs" />
        <File uid="115" fullPath="./Library/PackageCache/com.unity.test-framework@1.1.33/UnityEditor.TestRunner/Api/TestAdaptorFactory.cs" />
        <File uid="116" fullPath="./Library/PackageCache/com.unity.test-framework@1.1.33/UnityEditor.TestRunner/Api/TestResultAdaptor.cs" />
        <File uid="117" fullPath="./Library/PackageCache/com.unity.test-framework@1.1.33/UnityEditor.TestRunner/Api/TestRunnerApi.cs" />
        <File uid="118" fullPath="./Library/PackageCache/com.unity.test-framework@1.1.33/UnityEditor.TestRunner/Api/Analytics/AnalyticsReporter.cs" />
        <File uid="119" fullPath="./Library/PackageCache/com.unity.test-framework@1.1.33/UnityEditor.TestRunner/Api/Analytics/AnalyticsTestCallback.cs" />
        <File uid="120" fullPath="./Library/PackageCache/com.unity.test-framework@1.1.33/UnityEditor.TestRunner/NUnitExtension/Attributes/AssetPipelineIgnore.cs" />
        <File uid="121" fullPath="./Library/PackageCache/com.unity.test-framework@1.1.33/UnityEditor.TestRunner/TestRun/Tasks/LegacyPlayerRunTask.cs" />
        <File uid="122" fullPath="./Library/PackageCache/com.unity.test-framework@1.1.33/UnityEditor.TestRunner/TestRun/Tasks/RegisterFilesForCleanupVerificationTask.cs" />
      </Files>
      <Classes>
        <Class>
          <Summary numSequencePoints="64" visitedSequencePoints="57" numBranchPoints="0" visitedBranchPoints="0" sequenceCoverage="89.06" branchCoverage="0.0" maxCyclomaticComplexity="0" minCyclomaticComplexity="0" maxCrapScore="0" minCrapScore="0" visitedClasses="1" numClasses="1" visitedMethods="6" numMethods="6" />
          <FullName>UnityEditor.TestTools.TestRunner.AttributeFinderBase[T1,T2]</FullName>
          <Methods>
            <Method visited="true" cyclomaticComplexity="0" nPathComplexity="0" sequenceCoverage="100.0" branchCoverage="0" crapScore="0" isConstructor="false" isStatic="false" isGetter="false" isSetter="false">
              <Summary numSequencePoints="8" visitedSequencePoints="8" numBranchPoints="0" visitedBranchPoints="0" sequenceCoverage="100.0" branchCoverage="0" maxCyclomaticComplexity="0" minCyclomaticComplexity="0" maxCrapScore="0" minCrapScore="0" visitedClasses="0" numClasses="0" visitedMethods="1" numMethods="1" />
              <MetadataToken>100663385</MetadataToken>
              <Name>System.Collections.Generic.IEnumerable[Type] UnityEditor.TestTools.TestRunner.AttributeFinderBase[T1,T2]::Search(NUnit.Framework.Interfaces.ITest, NUnit.Framework.Interfaces.ITestFilter, UnityEngine.RuntimePlatform)</Name>
              <FileRef uid="15" />
              <SequencePoints>
                <SequencePoint vc="1" uspid="9673" ordinal="0" offset="0" sl="29" sc="0" el="29" ec="0" bec="0" bev="0" fileid="15" />
                <SequencePoint vc="1" uspid="9674" ordinal="0" offset="1" sl="30" sc="0" el="30" ec="0" bec="0" bev="0" fileid="15" />
                <SequencePoint vc="1" uspid="9675" ordinal="0" offset="7" sl="31" sc="0" el="31" ec="0" bec="0" bev="0" fileid="15" />
                <SequencePoint vc="1" uspid="9676" ordinal="0" offset="18" sl="33" sc="0" el="33" ec="0" bec="0" bev="0" fileid="15" />
                <SequencePoint vc="1" uspid="9677" ordinal="0" offset="24" sl="34" sc="0" el="34" ec="0" bec="0" bev="0" fileid="15" />
                <SequencePoint vc="1" uspid="9678" ordinal="0" offset="38" sl="35" sc="0" el="35" ec="0" bec="0" bev="0" fileid="15" />
                <SequencePoint vc="1" uspid="9679" ordinal="0" offset="52" sl="37" sc="0" el="37" ec="0" bec="0" bev="0" fileid="15" />
                <SequencePoint vc="1" uspid="9680" ordinal="0" offset="61" sl="38" sc="0" el="38" ec="0" bec="0" bev="0" fileid="15" />
              </SequencePoints>
              <BranchPoints />
            </Method>
            <Method visited="true" cyclomaticComplexity="0" nPathComplexity="0" sequenceCoverage="100.0" branchCoverage="0" crapScore="0" isConstructor="false" isStatic="true" isGetter="false" isSetter="false">
              <Summary numSequencePoints="19" visitedSequencePoints="19" numBranchPoints="0" visitedBranchPoints="0" sequenceCoverage="100.0" branchCoverage="0" maxCyclomaticComplexity="0" minCyclomaticComplexity="0" maxCrapScore="0" minCrapScore="0" visitedClasses="0" numClasses="0" visitedMethods="1" numMethods="1" />
              <MetadataToken>100663386</MetadataToken>
              <Name>static System.Void UnityEditor.TestTools.TestRunner.AttributeFinderBase[T1,T2]::GetMatchingTests(NUnit.Framework.Interfaces.ITest, NUnit.Framework.Interfaces.ITestFilter, System.Collections.Generic.List`1[[NUnit.Framework.Interfaces.ITest, nunit.framework, Version=3.5.0.0, Culture=neutral, PublicKeyToken=2638cd05610744eb]]&amp;, UnityEngine.RuntimePlatform)</Name>
              <FileRef uid="15" />
              <SequencePoints>
                <SequencePoint vc="3" uspid="9681" ordinal="0" offset="0" sl="41" sc="0" el="41" ec="0" bec="0" bev="0" fileid="15" />
                <SequencePoint vc="3" uspid="9682" ordinal="0" offset="1" sl="42" sc="0" el="42" ec="0" bec="0" bev="0" fileid="15" />
                <SequencePoint vc="3" uspid="9683" ordinal="0" offset="2" sl="42" sc="0" el="42" ec="0" bec="0" bev="0" fileid="15" />
                <SequencePoint vc="7" uspid="9684" ordinal="0" offset="16" sl="42" sc="0" el="42" ec="0" bec="0" bev="0" fileid="15" />
                <SequencePoint vc="7" uspid="9685" ordinal="0" offset="23" sl="43" sc="0" el="43" ec="0" bec="0" bev="0" fileid="15" />
                <SequencePoint vc="7" uspid="9686" ordinal="0" offset="24" sl="44" sc="0" el="44" ec="0" bec="0" bev="0" fileid="15" />
                <SequencePoint vc="7" uspid="9687" ordinal="0" offset="35" sl="45" sc="0" el="45" ec="0" bec="0" bev="0" fileid="15" />
                <SequencePoint vc="7" uspid="9688" ordinal="0" offset="36" sl="46" sc="0" el="46" ec="0" bec="0" bev="0" fileid="15" />
                <SequencePoint vc="2" uspid="9689" ordinal="0" offset="46" sl="47" sc="0" el="47" ec="0" bec="0" bev="0" fileid="15" />
                <SequencePoint vc="2" uspid="9690" ordinal="0" offset="47" sl="48" sc="0" el="48" ec="0" bec="0" bev="0" fileid="15" />
                <SequencePoint vc="2" uspid="9691" ordinal="0" offset="57" sl="49" sc="0" el="49" ec="0" bec="0" bev="0" fileid="15" />
                <SequencePoint vc="5" uspid="9692" ordinal="0" offset="60" sl="51" sc="0" el="51" ec="0" bec="0" bev="0" fileid="15" />
                <SequencePoint vc="5" uspid="9693" ordinal="0" offset="61" sl="52" sc="0" el="52" ec="0" bec="0" bev="0" fileid="15" />
                <SequencePoint vc="5" uspid="9694" ordinal="0" offset="74" sl="53" sc="0" el="53" ec="0" bec="0" bev="0" fileid="15" />
                <SequencePoint vc="5" uspid="9695" ordinal="0" offset="83" sl="54" sc="0" el="54" ec="0" bec="0" bev="0" fileid="15" />
                <SequencePoint vc="7" uspid="9696" ordinal="0" offset="84" sl="55" sc="0" el="55" ec="0" bec="0" bev="0" fileid="15" />
                <SequencePoint vc="7" uspid="9697" ordinal="0" offset="85" sl="56" sc="0" el="56" ec="0" bec="0" bev="0" fileid="15" />
                <SequencePoint vc="10" uspid="9698" ordinal="0" offset="86" sl="42" sc="0" el="42" ec="0" bec="0" bev="0" fileid="15" />
                <SequencePoint vc="3" uspid="9699" ordinal="0" offset="107" sl="57" sc="0" el="57" ec="0" bec="0" bev="0" fileid="15" />
              </SequencePoints>
              <BranchPoints />
            </Method>
            <Method visited="true" cyclomaticComplexity="0" nPathComplexity="0" sequenceCoverage="58.82" branchCoverage="0" crapScore="0" isConstructor="false" isStatic="true" isGetter="false" isSetter="false">
              <Summary numSequencePoints="17" visitedSequencePoints="10" numBranchPoints="0" visitedBranchPoints="0" sequenceCoverage="58.82" branchCoverage="0" maxCyclomaticComplexity="0" minCyclomaticComplexity="0" maxCrapScore="0" minCrapScore="0" visitedClasses="0" numClasses="0" visitedMethods="1" numMethods="1" />
              <MetadataToken>100663387</MetadataToken>
              <Name>static System.Boolean UnityEditor.TestTools.TestRunner.AttributeFinderBase[T1,T2]::IsTestEnabledOnPlatform(NUnit.Framework.Interfaces.ITest, UnityEngine.RuntimePlatform)</Name>
              <FileRef uid="15" />
              <SequencePoints>
                <SequencePoint vc="7" uspid="9700" ordinal="0" offset="13" sl="60" sc="0" el="60" ec="0" bec="0" bev="0" fileid="15" />
                <SequencePoint vc="7" uspid="9701" ordinal="0" offset="14" sl="61" sc="0" el="61" ec="0" bec="0" bev="0" fileid="15" />
                <SequencePoint vc="2" uspid="9702" ordinal="0" offset="27" sl="62" sc="0" el="62" ec="0" bec="0" bev="0" fileid="15" />
                <SequencePoint vc="2" uspid="9703" ordinal="0" offset="28" sl="63" sc="0" el="63" ec="0" bec="0" bev="0" fileid="15" />
                <SequencePoint vc="5" uspid="9704" ordinal="0" offset="33" sl="66" sc="0" el="66" ec="0" bec="0" bev="0" fileid="15" />
                <SequencePoint vc="5" uspid="9705" ordinal="0" offset="46" sl="67" sc="0" el="67" ec="0" bec="0" bev="0" fileid="15" />
                <SequencePoint vc="5" uspid="9706" ordinal="0" offset="64" sl="69" sc="0" el="69" ec="0" bec="0" bev="0" fileid="15" />
                <SequencePoint vc="5" uspid="9707" ordinal="0" offset="82" sl="70" sc="0" el="70" ec="0" bec="0" bev="0" fileid="15" />
                <SequencePoint vc="5" uspid="9708" ordinal="0" offset="83" sl="71" sc="0" el="71" ec="0" bec="0" bev="0" fileid="15" />
                <SequencePoint vc="0" uspid="9709" ordinal="0" offset="88" sl="74" sc="0" el="74" ec="0" bec="0" bev="0" fileid="15" />
                <SequencePoint vc="0" uspid="9710" ordinal="0" offset="115" sl="75" sc="0" el="75" ec="0" bec="0" bev="0" fileid="15" />
                <SequencePoint vc="0" uspid="9711" ordinal="0" offset="116" sl="76" sc="0" el="76" ec="0" bec="0" bev="0" fileid="15" />
                <SequencePoint vc="0" uspid="9712" ordinal="0" offset="121" sl="79" sc="0" el="79" ec="0" bec="0" bev="0" fileid="15" />
                <SequencePoint vc="0" uspid="9713" ordinal="0" offset="148" sl="80" sc="0" el="80" ec="0" bec="0" bev="0" fileid="15" />
                <SequencePoint vc="0" uspid="9714" ordinal="0" offset="149" sl="81" sc="0" el="81" ec="0" bec="0" bev="0" fileid="15" />
                <SequencePoint vc="0" uspid="9715" ordinal="0" offset="154" sl="84" sc="0" el="84" ec="0" bec="0" bev="0" fileid="15" />
                <SequencePoint vc="7" uspid="9716" ordinal="0" offset="159" sl="85" sc="0" el="85" ec="0" bec="0" bev="0" fileid="15" />
              </SequencePoints>
              <BranchPoints />
            </Method>
            <Method visited="true" cyclomaticComplexity="0" nPathComplexity="0" sequenceCoverage="100.0" branchCoverage="0" crapScore="0" isConstructor="false" isStatic="false" isGetter="false" isSetter="false">
              <Summary numSequencePoints="12" visitedSequencePoints="12" numBranchPoints="0" visitedBranchPoints="0" sequenceCoverage="100.0" branchCoverage="0" maxCyclomaticComplexity="0" minCyclomaticComplexity="0" maxCrapScore="0" minCrapScore="0" visitedClasses="0" numClasses="0" visitedMethods="1" numMethods="1" />
              <MetadataToken>100663388</MetadataToken>
              <Name>System.Collections.Generic.IEnumerable[Type] UnityEditor.TestTools.TestRunner.AttributeFinderBase[T1,T2]::GetTypesFromPrebuildAttributes(System.Collections.Generic.IEnumerable[ITest])</Name>
              <FileRef uid="15" />
              <SequencePoints>
                <SequencePoint vc="1" uspid="9717" ordinal="0" offset="0" sl="88" sc="0" el="88" ec="0" bec="0" bev="0" fileid="15" />
                <SequencePoint vc="1" uspid="9718" ordinal="0" offset="1" sl="89" sc="0" el="89" ec="0" bec="0" bev="0" fileid="15" />
                <SequencePoint vc="1" uspid="9719" ordinal="0" offset="12" sl="90" sc="0" el="90" ec="0" bec="0" bev="0" fileid="15" />
                <SequencePoint vc="1" uspid="9720" ordinal="0" offset="55" sl="91" sc="0" el="91" ec="0" bec="0" bev="0" fileid="15" />
                <SequencePoint vc="1" uspid="9721" ordinal="0" offset="93" sl="92" sc="0" el="92" ec="0" bec="0" bev="0" fileid="15" />
                <SequencePoint vc="1" uspid="9722" ordinal="0" offset="131" sl="93" sc="0" el="93" ec="0" bec="0" bev="0" fileid="15" />
                <SequencePoint vc="1" uspid="9723" ordinal="0" offset="169" sl="95" sc="0" el="95" ec="0" bec="0" bev="0" fileid="15" />
                <SequencePoint vc="1" uspid="9724" ordinal="0" offset="176" sl="96" sc="0" el="96" ec="0" bec="0" bev="0" fileid="15" />
                <SequencePoint vc="1" uspid="9725" ordinal="0" offset="185" sl="97" sc="0" el="97" ec="0" bec="0" bev="0" fileid="15" />
                <SequencePoint vc="1" uspid="9726" ordinal="0" offset="194" sl="98" sc="0" el="98" ec="0" bec="0" bev="0" fileid="15" />
                <SequencePoint vc="1" uspid="9727" ordinal="0" offset="203" sl="100" sc="0" el="100" ec="0" bec="0" bev="0" fileid="15" />
                <SequencePoint vc="1" uspid="9728" ordinal="0" offset="256" sl="101" sc="0" el="101" ec="0" bec="0" bev="0" fileid="15" />
              </SequencePoints>
              <BranchPoints />
            </Method>
            <Method visited="true" cyclomaticComplexity="0" nPathComplexity="0" sequenceCoverage="100.0" branchCoverage="0" crapScore="0" isConstructor="false" isStatic="true" isGetter="false" isSetter="false">
              <Summary numSequencePoints="4" visitedSequencePoints="4" numBranchPoints="0" visitedBranchPoints="0" sequenceCoverage="100.0" branchCoverage="0" maxCyclomaticComplexity="0" minCyclomaticComplexity="0" maxCrapScore="0" minCrapScore="0" visitedClasses="0" numClasses="0" visitedMethods="1" numMethods="1" />
              <MetadataToken>100663389</MetadataToken>
              <Name>static System.Collections.Generic.IEnumerable[Type] UnityEditor.TestTools.TestRunner.AttributeFinderBase[T1,T2]::GetTypesFromInterface(System.Collections.Generic.IEnumerable[ITest], UnityEngine.RuntimePlatform)</Name>
              <FileRef uid="15" />
              <SequencePoints>
                <SequencePoint vc="1" uspid="9729" ordinal="0" offset="13" sl="104" sc="0" el="104" ec="0" bec="0" bev="0" fileid="15" />
                <SequencePoint vc="1" uspid="9730" ordinal="0" offset="14" sl="105" sc="0" el="105" ec="0" bec="0" bev="0" fileid="15" />
                <SequencePoint vc="1" uspid="9731" ordinal="0" offset="33" sl="106" sc="0" el="106" ec="0" bec="0" bev="0" fileid="15" />
                <SequencePoint vc="1" uspid="9732" ordinal="0" offset="73" sl="107" sc="0" el="107" ec="0" bec="0" bev="0" fileid="15" />
              </SequencePoints>
              <BranchPoints />
            </Method>
            <Method visited="true" cyclomaticComplexity="0" nPathComplexity="0" sequenceCoverage="100.0" branchCoverage="0" crapScore="0" isConstructor="true" isStatic="false" isGetter="false" isSetter="false">
              <Summary numSequencePoints="4" visitedSequencePoints="4" numBranchPoints="0" visitedBranchPoints="0" sequenceCoverage="100.0" branchCoverage="0" maxCyclomaticComplexity="0" minCyclomaticComplexity="0" maxCrapScore="0" minCrapScore="0" visitedClasses="0" numClasses="0" visitedMethods="1" numMethods="1" />
              <MetadataToken>100663384</MetadataToken>
              <Name>UnityEditor.TestTools.TestRunner.AttributeFinderBase[T1,T2]::AttributeFinderBase(System.Func[T2,Type])</Name>
              <FileRef uid="15" />
              <SequencePoints>
                <SequencePoint vc="1" uspid="9733" ordinal="0" offset="0" sl="23" sc="0" el="23" ec="0" bec="0" bev="0" fileid="15" />
                <SequencePoint vc="1" uspid="9734" ordinal="0" offset="7" sl="24" sc="0" el="24" ec="0" bec="0" bev="0" fileid="15" />
                <SequencePoint vc="1" uspid="9735" ordinal="0" offset="8" sl="25" sc="0" el="25" ec="0" bec="0" bev="0" fileid="15" />
                <SequencePoint vc="1" uspid="9736" ordinal="0" offset="15" sl="26" sc="0" el="26" ec="0" bec="0" bev="0" fileid="15" />
              </SequencePoints>
              <BranchPoints />
            </Method>
          </Methods>
        </Class>
        <Class>
          <Summary numSequencePoints="3" visitedSequencePoints="0" numBranchPoints="0" visitedBranchPoints="0" sequenceCoverage="0.0" branchCoverage="0.0" maxCyclomaticComplexity="0" minCyclomaticComplexity="0" maxCrapScore="0" minCrapScore="0" visitedClasses="0" numClasses="1" visitedMethods="0" numMethods="1" />
          <FullName>UnityEditor.TestTools.TestRunner.EditModeLauncher</FullName>
          <Methods>
            <Method visited="false" cyclomaticComplexity="0" nPathComplexity="0" sequenceCoverage="0.0" branchCoverage="0" crapScore="0" isConstructor="false" isStatic="false" isGetter="false" isSetter="false">
              <Summary numSequencePoints="3" visitedSequencePoints="0" numBranchPoints="0" visitedBranchPoints="0" sequenceCoverage="0.0" branchCoverage="0" maxCyclomaticComplexity="0" minCyclomaticComplexity="0" maxCrapScore="0" minCrapScore="0" visitedClasses="0" numClasses="0" visitedMethods="0" numMethods="1" />
              <MetadataToken>100663400</MetadataToken>
              <Name>T UnityEditor.TestTools.TestRunner.EditModeLauncher::AddEventHandler[T]()</Name>
              <FileRef uid="17" />
              <SequencePoints>
                <SequencePoint vc="0" uspid="9832" ordinal="0" offset="0" sl="157" sc="0" el="157" ec="0" bec="0" bev="0" fileid="17" />
                <SequencePoint vc="0" uspid="9833" ordinal="0" offset="1" sl="158" sc="0" el="158" ec="0" bec="0" bev="0" fileid="17" />
                <SequencePoint vc="0" uspid="9834" ordinal="0" offset="15" sl="159" sc="0" el="159" ec="0" bec="0" bev="0" fileid="17" />
              </SequencePoints>
              <BranchPoints />
            </Method>
          </Methods>
        </Class>
        <Class>
          <Summary numSequencePoints="3" visitedSequencePoints="0" numBranchPoints="0" visitedBranchPoints="0" sequenceCoverage="0.0" branchCoverage="0.0" maxCyclomaticComplexity="0" minCyclomaticComplexity="0" maxCrapScore="0" minCrapScore="0" visitedClasses="0" numClasses="1" visitedMethods="0" numMethods="1" />
          <FullName>UnityEditor.TestTools.TestRunner.PlaymodeLauncher</FullName>
          <Methods>
            <Method visited="false" cyclomaticComplexity="0" nPathComplexity="0" sequenceCoverage="0.0" branchCoverage="0" crapScore="0" isConstructor="false" isStatic="false" isGetter="false" isSetter="false">
              <Summary numSequencePoints="3" visitedSequencePoints="0" numBranchPoints="0" visitedBranchPoints="0" sequenceCoverage="0.0" branchCoverage="0" maxCyclomaticComplexity="0" minCyclomaticComplexity="0" maxCrapScore="0" minCrapScore="0" visitedClasses="0" numClasses="0" visitedMethods="0" numMethods="1" />
              <MetadataToken>100663486</MetadataToken>
              <Name>System.Void UnityEditor.TestTools.TestRunner.PlaymodeLauncher::AddEventHandler[T]()</Name>
              <FileRef uid="30" />
              <SequencePoints>
                <SequencePoint vc="0" uspid="10352" ordinal="0" offset="0" sl="132" sc="0" el="132" ec="0" bec="0" bev="0" fileid="30" />
                <SequencePoint vc="0" uspid="10353" ordinal="0" offset="1" sl="133" sc="0" el="133" ec="0" bec="0" bev="0" fileid="30" />
                <SequencePoint vc="0" uspid="10354" ordinal="0" offset="23" sl="134" sc="0" el="134" ec="0" bec="0" bev="0" fileid="30" />
              </SequencePoints>
              <BranchPoints />
            </Method>
          </Methods>
        </Class>
        <Class>
          <Summary numSequencePoints="3" visitedSequencePoints="3" numBranchPoints="0" visitedBranchPoints="0" sequenceCoverage="100.0" branchCoverage="0.0" maxCyclomaticComplexity="0" minCyclomaticComplexity="0" maxCrapScore="0" minCrapScore="0" visitedClasses="1" numClasses="1" visitedMethods="1" numMethods="1" />
          <FullName>UnityEditor.TestTools.TestRunner.PostbuildCleanupAttributeFinder</FullName>
          <Methods>
            <Method visited="true" cyclomaticComplexity="0" nPathComplexity="0" sequenceCoverage="100.0" branchCoverage="0" crapScore="0" isConstructor="true" isStatic="false" isGetter="false" isSetter="false">
              <Summary numSequencePoints="3" visitedSequencePoints="3" numBranchPoints="0" visitedBranchPoints="0" sequenceCoverage="100.0" branchCoverage="0" maxCyclomaticComplexity="0" minCyclomaticComplexity="0" maxCrapScore="0" minCrapScore="0" visitedClasses="0" numClasses="0" visitedMethods="1" numMethods="1" />
              <MetadataToken>100663488</MetadataToken>
              <Name>UnityEditor.TestTools.TestRunner.PostbuildCleanupAttributeFinder::PostbuildCleanupAttributeFinder()</Name>
              <FileRef uid="31" />
              <SequencePoints>
                <SequencePoint vc="1" uspid="10374" ordinal="0" offset="0" sl="7" sc="52" el="7" ec="52" bec="0" bev="0" fileid="31" />
                <SequencePoint vc="1" uspid="10375" ordinal="0" offset="38" sl="7" sc="93" el="7" ec="93" bec="0" bev="0" fileid="31" />
                <SequencePoint vc="1" uspid="10376" ordinal="0" offset="39" sl="7" sc="94" el="7" ec="94" bec="0" bev="0" fileid="31" />
              </SequencePoints>
              <BranchPoints />
            </Method>
          </Methods>
        </Class>
        <Class>
          <Summary numSequencePoints="10" visitedSequencePoints="0" numBranchPoints="0" visitedBranchPoints="0" sequenceCoverage="0.0" branchCoverage="0.0" maxCyclomaticComplexity="0" minCyclomaticComplexity="0" maxCrapScore="0" minCrapScore="0" visitedClasses="0" numClasses="1" visitedMethods="0" numMethods="2" />
          <FullName>UnityEditor.TestTools.TestRunner.PlaymodeTestsControllerExtensions</FullName>
          <Methods>
            <Method visited="false" cyclomaticComplexity="0" nPathComplexity="0" sequenceCoverage="0.0" branchCoverage="0" crapScore="0" isConstructor="false" isStatic="true" isGetter="false" isSetter="false">
              <Summary numSequencePoints="5" visitedSequencePoints="0" numBranchPoints="0" visitedBranchPoints="0" sequenceCoverage="0.0" branchCoverage="0" maxCyclomaticComplexity="0" minCyclomaticComplexity="0" maxCrapScore="0" minCrapScore="0" visitedClasses="0" numClasses="0" visitedMethods="0" numMethods="1" />
              <MetadataToken>100663498</MetadataToken>
              <Name>static T UnityEditor.TestTools.TestRunner.PlaymodeTestsControllerExtensions::AddEventHandlerMonoBehaviour[T](UnityEngine.TestTools.TestRunner.PlaymodeTestsController)</Name>
              <FileRef uid="34" />
              <SequencePoints>
                <SequencePoint vc="0" uspid="10422" ordinal="0" offset="0" sl="73" sc="0" el="73" ec="0" bec="0" bev="0" fileid="34" />
                <SequencePoint vc="0" uspid="10423" ordinal="0" offset="1" sl="74" sc="0" el="74" ec="0" bec="0" bev="0" fileid="34" />
                <SequencePoint vc="0" uspid="10424" ordinal="0" offset="13" sl="75" sc="0" el="75" ec="0" bec="0" bev="0" fileid="34" />
                <SequencePoint vc="0" uspid="10425" ordinal="0" offset="26" sl="76" sc="0" el="76" ec="0" bec="0" bev="0" fileid="34" />
                <SequencePoint vc="0" uspid="10426" ordinal="0" offset="30" sl="77" sc="0" el="77" ec="0" bec="0" bev="0" fileid="34" />
              </SequencePoints>
              <BranchPoints />
            </Method>
            <Method visited="false" cyclomaticComplexity="0" nPathComplexity="0" sequenceCoverage="0.0" branchCoverage="0" crapScore="0" isConstructor="false" isStatic="true" isGetter="false" isSetter="false">
              <Summary numSequencePoints="5" visitedSequencePoints="0" numBranchPoints="0" visitedBranchPoints="0" sequenceCoverage="0.0" branchCoverage="0" maxCyclomaticComplexity="0" minCyclomaticComplexity="0" maxCrapScore="0" minCrapScore="0" visitedClasses="0" numClasses="0" visitedMethods="0" numMethods="1" />
              <MetadataToken>100663499</MetadataToken>
              <Name>static T UnityEditor.TestTools.TestRunner.PlaymodeTestsControllerExtensions::AddEventHandlerScriptableObject[T](UnityEngine.TestTools.TestRunner.PlaymodeTestsController)</Name>
              <FileRef uid="34" />
              <SequencePoints>
                <SequencePoint vc="0" uspid="10427" ordinal="0" offset="0" sl="80" sc="0" el="80" ec="0" bec="0" bev="0" fileid="34" />
                <SequencePoint vc="0" uspid="10428" ordinal="0" offset="1" sl="81" sc="0" el="81" ec="0" bec="0" bev="0" fileid="34" />
                <SequencePoint vc="0" uspid="10429" ordinal="0" offset="7" sl="82" sc="0" el="82" ec="0" bec="0" bev="0" fileid="34" />
                <SequencePoint vc="0" uspid="10430" ordinal="0" offset="20" sl="83" sc="0" el="83" ec="0" bec="0" bev="0" fileid="34" />
                <SequencePoint vc="0" uspid="10431" ordinal="0" offset="24" sl="84" sc="0" el="84" ec="0" bec="0" bev="0" fileid="34" />
              </SequencePoints>
              <BranchPoints />
            </Method>
          </Methods>
        </Class>
        <Class>
          <Summary numSequencePoints="39" visitedSequencePoints="16" numBranchPoints="0" visitedBranchPoints="0" sequenceCoverage="41.03" branchCoverage="0.0" maxCyclomaticComplexity="0" minCyclomaticComplexity="0" maxCrapScore="0" minCrapScore="0" visitedClasses="1" numClasses="1" visitedMethods="2" numMethods="2" />
          <FullName>UnityEditor.TestTools.TestRunner.TestLauncherBase</FullName>
          <Methods>
            <Method visited="true" cyclomaticComplexity="0" nPathComplexity="0" sequenceCoverage="100.0" branchCoverage="0" crapScore="0" isConstructor="false" isStatic="true" isGetter="false" isSetter="false">
              <Summary numSequencePoints="8" visitedSequencePoints="8" numBranchPoints="0" visitedBranchPoints="0" sequenceCoverage="100.0" branchCoverage="0" maxCyclomaticComplexity="0" minCyclomaticComplexity="0" maxCrapScore="0" minCrapScore="0" visitedClasses="0" numClasses="0" visitedMethods="1" numMethods="1" />
              <MetadataToken>100663506</MetadataToken>
              <Name>static System.Void UnityEditor.TestTools.TestRunner.TestLauncherBase::ExecutePostBuildCleanupMethods(NUnit.Framework.Interfaces.ITest, NUnit.Framework.Interfaces.ITestFilter, System.Nullable[RuntimePlatform])</Name>
              <FileRef uid="35" />
              <SequencePoints>
                <SequencePoint vc="1" uspid="10455" ordinal="0" offset="0" sl="38" sc="9" el="38" ec="9" bec="0" bev="0" fileid="35" />
                <SequencePoint vc="1" uspid="10456" ordinal="0" offset="1" sl="39" sc="13" el="39" ec="13" bec="0" bev="0" fileid="35" />
                <SequencePoint vc="1" uspid="10457" ordinal="0" offset="20" sl="39" sc="87" el="39" ec="87" bec="0" bev="0" fileid="35" />
                <SequencePoint vc="1" uspid="10458" ordinal="0" offset="21" sl="40" sc="17" el="40" ec="17" bec="0" bev="0" fileid="35" />
                <SequencePoint vc="1" uspid="10459" ordinal="0" offset="27" sl="41" sc="17" el="41" ec="17" bec="0" bev="0" fileid="35" />
                <SequencePoint vc="1" uspid="10460" ordinal="0" offset="33" sl="42" sc="17" el="42" ec="17" bec="0" bev="0" fileid="35" />
                <SequencePoint vc="1" uspid="10461" ordinal="0" offset="75" sl="43" sc="13" el="43" ec="13" bec="0" bev="0" fileid="35" />
                <SequencePoint vc="1" uspid="10462" ordinal="0" offset="93" sl="44" sc="9" el="44" ec="9" bec="0" bev="0" fileid="35" />
              </SequencePoints>
              <BranchPoints />
            </Method>
            <Method visited="true" cyclomaticComplexity="0" nPathComplexity="0" sequenceCoverage="25.81" branchCoverage="0" crapScore="0" isConstructor="false" isStatic="true" isGetter="false" isSetter="false">
              <Summary numSequencePoints="31" visitedSequencePoints="8" numBranchPoints="0" visitedBranchPoints="0" sequenceCoverage="25.81" branchCoverage="0" maxCyclomaticComplexity="0" minCyclomaticComplexity="0" maxCrapScore="0" minCrapScore="0" visitedClasses="0" numClasses="0" visitedMethods="1" numMethods="1" />
              <MetadataToken>100663507</MetadataToken>
              <Name>static System.Boolean UnityEditor.TestTools.TestRunner.TestLauncherBase::ExecuteMethods[T](NUnit.Framework.Interfaces.ITest, NUnit.Framework.Interfaces.ITestFilter, UnityEditor.TestTools.TestRunner.AttributeFinderBase, System.String, System.Action[T], System.Nullable[RuntimePlatform])</Name>
              <FileRef uid="35" />
              <SequencePoints>
                <SequencePoint vc="1" uspid="10463" ordinal="0" offset="0" sl="47" sc="0" el="47" ec="0" bec="0" bev="0" fileid="35" />
                <SequencePoint vc="1" uspid="10464" ordinal="0" offset="1" sl="48" sc="0" el="48" ec="0" bec="0" bev="0" fileid="35" />
                <SequencePoint vc="1" uspid="10465" ordinal="0" offset="3" sl="50" sc="0" el="50" ec="0" bec="0" bev="0" fileid="35" />
                <SequencePoint vc="0" uspid="10466" ordinal="0" offset="17" sl="51" sc="0" el="51" ec="0" bec="0" bev="0" fileid="35" />
                <SequencePoint vc="0" uspid="10467" ordinal="0" offset="18" sl="52" sc="0" el="52" ec="0" bec="0" bev="0" fileid="35" />
                <SequencePoint vc="0" uspid="10468" ordinal="0" offset="53" sl="53" sc="0" el="53" ec="0" bec="0" bev="0" fileid="35" />
                <SequencePoint vc="1" uspid="10469" ordinal="0" offset="60" sl="56" sc="0" el="56" ec="0" bec="0" bev="0" fileid="35" />
                <SequencePoint vc="1" uspid="10470" ordinal="0" offset="61" sl="56" sc="0" el="56" ec="0" bec="0" bev="0" fileid="35" />
                <SequencePoint vc="0" uspid="10471" ordinal="0" offset="85" sl="56" sc="0" el="56" ec="0" bec="0" bev="0" fileid="35" />
                <SequencePoint vc="0" uspid="10472" ordinal="0" offset="94" sl="57" sc="0" el="57" ec="0" bec="0" bev="0" fileid="35" />
                <SequencePoint vc="0" uspid="10473" ordinal="0" offset="95" sl="59" sc="0" el="59" ec="0" bec="0" bev="0" fileid="35" />
                <SequencePoint vc="0" uspid="10474" ordinal="0" offset="96" sl="60" sc="0" el="60" ec="0" bec="0" bev="0" fileid="35" />
                <SequencePoint vc="0" uspid="10475" ordinal="0" offset="110" sl="62" sc="0" el="62" ec="0" bec="0" bev="0" fileid="35" />
                <SequencePoint vc="0" uspid="10476" ordinal="0" offset="133" sl="64" sc="0" el="64" ec="0" bec="0" bev="0" fileid="35" />
                <SequencePoint vc="0" uspid="10477" ordinal="0" offset="140" sl="65" sc="0" el="65" ec="0" bec="0" bev="0" fileid="35" />
                <SequencePoint vc="0" uspid="10478" ordinal="0" offset="141" sl="66" sc="0" el="66" ec="0" bec="0" bev="0" fileid="35" />
                <SequencePoint vc="0" uspid="10479" ordinal="0" offset="151" sl="67" sc="0" el="67" ec="0" bec="0" bev="0" fileid="35" />
                <SequencePoint vc="0" uspid="10480" ordinal="0" offset="160" sl="68" sc="0" el="68" ec="0" bec="0" bev="0" fileid="35" />
                <SequencePoint vc="0" uspid="10481" ordinal="0" offset="176" sl="69" sc="0" el="69" ec="0" bec="0" bev="0" fileid="35" />
                <SequencePoint vc="0" uspid="10482" ordinal="0" offset="179" sl="70" sc="0" el="70" ec="0" bec="0" bev="0" fileid="35" />
                <SequencePoint vc="0" uspid="10483" ordinal="0" offset="180" sl="70" sc="0" el="70" ec="0" bec="0" bev="0" fileid="35" />
                <SequencePoint vc="0" uspid="10484" ordinal="0" offset="181" sl="70" sc="0" el="70" ec="0" bec="0" bev="0" fileid="35" />
                <SequencePoint vc="0" uspid="10485" ordinal="0" offset="184" sl="71" sc="0" el="71" ec="0" bec="0" bev="0" fileid="35" />
                <SequencePoint vc="0" uspid="10486" ordinal="0" offset="186" sl="72" sc="0" el="72" ec="0" bec="0" bev="0" fileid="35" />
                <SequencePoint vc="0" uspid="10487" ordinal="0" offset="187" sl="73" sc="0" el="73" ec="0" bec="0" bev="0" fileid="35" />
                <SequencePoint vc="0" uspid="10488" ordinal="0" offset="195" sl="74" sc="0" el="74" ec="0" bec="0" bev="0" fileid="35" />
                <SequencePoint vc="0" uspid="10489" ordinal="0" offset="197" sl="75" sc="0" el="75" ec="0" bec="0" bev="0" fileid="35" />
                <SequencePoint vc="0" uspid="10490" ordinal="0" offset="200" sl="76" sc="0" el="76" ec="0" bec="0" bev="0" fileid="35" />
                <SequencePoint vc="1" uspid="10491" ordinal="0" offset="201" sl="56" sc="0" el="56" ec="0" bec="0" bev="0" fileid="35" />
                <SequencePoint vc="1" uspid="10492" ordinal="0" offset="225" sl="78" sc="0" el="78" ec="0" bec="0" bev="0" fileid="35" />
                <SequencePoint vc="1" uspid="10493" ordinal="0" offset="229" sl="79" sc="0" el="79" ec="0" bec="0" bev="0" fileid="35" />
              </SequencePoints>
              <BranchPoints />
            </Method>
          </Methods>
        </Class>
        <Class>
          <Summary numSequencePoints="27" visitedSequencePoints="14" numBranchPoints="0" visitedBranchPoints="0" sequenceCoverage="51.85" branchCoverage="0.0" maxCyclomaticComplexity="0" minCyclomaticComplexity="0" maxCrapScore="0" minCrapScore="0" visitedClasses="1" numClasses="1" visitedMethods="3" numMethods="3" />
          <FullName>UnityEditor.TestTools.TestRunner.RerunCallback</FullName>
          <Methods>
            <Method visited="true" cyclomaticComplexity="0" nPathComplexity="0" sequenceCoverage="43.48" branchCoverage="0" crapScore="0" isConstructor="false" isStatic="false" isGetter="false" isSetter="false">
              <Summary numSequencePoints="23" visitedSequencePoints="10" numBranchPoints="0" visitedBranchPoints="0" sequenceCoverage="43.48" branchCoverage="0" maxCyclomaticComplexity="0" minCyclomaticComplexity="0" maxCrapScore="0" minCrapScore="0" visitedClasses="0" numClasses="0" visitedMethods="1" numMethods="1" />
              <MetadataToken>100663528</MetadataToken>
              <Name>System.Void UnityEditor.TestTools.TestRunner.RerunCallback::RunFinished(UnityEditor.TestTools.TestRunner.Api.ITestResultAdaptor)</Name>
              <FileRef uid="38" />
              <SequencePoints>
                <SequencePoint vc="1" uspid="10649" ordinal="0" offset="0" sl="14" sc="9" el="14" ec="9" bec="0" bev="0" fileid="38" />
                <SequencePoint vc="1" uspid="10650" ordinal="0" offset="1" sl="15" sc="13" el="15" ec="13" bec="0" bev="0" fileid="38" />
                <SequencePoint vc="0" uspid="10651" ordinal="0" offset="34" sl="16" sc="17" el="16" ec="17" bec="0" bev="0" fileid="38" />
                <SequencePoint vc="1" uspid="10652" ordinal="0" offset="58" sl="18" sc="13" el="18" ec="13" bec="0" bev="0" fileid="38" />
                <SequencePoint vc="1" uspid="10653" ordinal="0" offset="71" sl="20" sc="13" el="20" ec="13" bec="0" bev="0" fileid="38" />
                <SequencePoint vc="0" uspid="10654" ordinal="0" offset="80" sl="21" sc="13" el="21" ec="13" bec="0" bev="0" fileid="38" />
                <SequencePoint vc="0" uspid="10655" ordinal="0" offset="81" sl="22" sc="17" el="22" ec="17" bec="0" bev="0" fileid="38" />
                <SequencePoint vc="0" uspid="10656" ordinal="0" offset="87" sl="23" sc="13" el="23" ec="13" bec="0" bev="0" fileid="38" />
                <SequencePoint vc="1" uspid="10657" ordinal="0" offset="88" sl="25" sc="13" el="25" ec="13" bec="0" bev="0" fileid="38" />
                <SequencePoint vc="1" uspid="10658" ordinal="0" offset="102" sl="26" sc="13" el="26" ec="13" bec="0" bev="0" fileid="38" />
                <SequencePoint vc="1" uspid="10659" ordinal="0" offset="130" sl="27" sc="13" el="27" ec="13" bec="0" bev="0" fileid="38" />
                <SequencePoint vc="1" uspid="10660" ordinal="0" offset="131" sl="28" sc="17" el="28" ec="17" bec="0" bev="0" fileid="38" />
                <SequencePoint vc="1" uspid="10661" ordinal="0" offset="137" sl="29" sc="17" el="29" ec="17" bec="0" bev="0" fileid="38" />
                <SequencePoint vc="0" uspid="10662" ordinal="0" offset="139" sl="32" sc="13" el="32" ec="13" bec="0" bev="0" fileid="38" />
                <SequencePoint vc="0" uspid="10663" ordinal="0" offset="145" sl="33" sc="13" el="33" ec="13" bec="0" bev="0" fileid="38" />
                <SequencePoint vc="0" uspid="10664" ordinal="0" offset="156" sl="34" sc="13" el="34" ec="13" bec="0" bev="0" fileid="38" />
                <SequencePoint vc="0" uspid="10665" ordinal="0" offset="157" sl="35" sc="17" el="35" ec="17" bec="0" bev="0" fileid="38" />
                <SequencePoint vc="0" uspid="10666" ordinal="0" offset="175" sl="36" sc="17" el="36" ec="17" bec="0" bev="0" fileid="38" />
                <SequencePoint vc="0" uspid="10667" ordinal="0" offset="177" sl="39" sc="13" el="39" ec="13" bec="0" bev="0" fileid="38" />
                <SequencePoint vc="0" uspid="10668" ordinal="0" offset="191" sl="40" sc="13" el="40" ec="13" bec="0" bev="0" fileid="38" />
                <SequencePoint vc="0" uspid="10669" ordinal="0" offset="192" sl="41" sc="17" el="41" ec="17" bec="0" bev="0" fileid="38" />
                <SequencePoint vc="0" uspid="10670" ordinal="0" offset="198" sl="42" sc="13" el="42" ec="13" bec="0" bev="0" fileid="38" />
                <SequencePoint vc="1" uspid="10671" ordinal="0" offset="199" sl="43" sc="9" el="43" ec="9" bec="0" bev="0" fileid="38" />
              </SequencePoints>
              <BranchPoints />
            </Method>
            <Method visited="true" cyclomaticComplexity="0" nPathComplexity="0" sequenceCoverage="100.0" branchCoverage="0" crapScore="0" isConstructor="false" isStatic="false" isGetter="false" isSetter="false">
              <Summary numSequencePoints="2" visitedSequencePoints="2" numBranchPoints="0" visitedBranchPoints="0" sequenceCoverage="100.0" branchCoverage="0" maxCyclomaticComplexity="0" minCyclomaticComplexity="0" maxCrapScore="0" minCrapScore="0" visitedClasses="0" numClasses="0" visitedMethods="1" numMethods="1" />
              <MetadataToken>100663531</MetadataToken>
              <Name>System.Void UnityEditor.TestTools.TestRunner.RerunCallback::TestStarted(UnityEditor.TestTools.TestRunner.Api.ITestAdaptor)</Name>
              <FileRef uid="38" />
              <SequencePoints>
                <SequencePoint vc="8" uspid="10684" ordinal="0" offset="0" sl="75" sc="9" el="75" ec="9" bec="0" bev="0" fileid="38" />
                <SequencePoint vc="8" uspid="10685" ordinal="0" offset="1" sl="76" sc="9" el="76" ec="9" bec="0" bev="0" fileid="38" />
              </SequencePoints>
              <BranchPoints />
            </Method>
            <Method visited="true" cyclomaticComplexity="0" nPathComplexity="0" sequenceCoverage="100.0" branchCoverage="0" crapScore="0" isConstructor="false" isStatic="false" isGetter="false" isSetter="false">
              <Summary numSequencePoints="2" visitedSequencePoints="2" numBranchPoints="0" visitedBranchPoints="0" sequenceCoverage="100.0" branchCoverage="0" maxCyclomaticComplexity="0" minCyclomaticComplexity="0" maxCrapScore="0" minCrapScore="0" visitedClasses="0" numClasses="0" visitedMethods="1" numMethods="1" />
              <MetadataToken>100663532</MetadataToken>
              <Name>System.Void UnityEditor.TestTools.TestRunner.RerunCallback::TestFinished(UnityEditor.TestTools.TestRunner.Api.ITestResultAdaptor)</Name>
              <FileRef uid="38" />
              <SequencePoints>
                <SequencePoint vc="8" uspid="10686" ordinal="0" offset="0" sl="79" sc="9" el="79" ec="9" bec="0" bev="0" fileid="38" />
                <SequencePoint vc="8" uspid="10687" ordinal="0" offset="1" sl="80" sc="9" el="80" ec="9" bec="0" bev="0" fileid="38" />
              </SequencePoints>
              <BranchPoints />
            </Method>
          </Methods>
        </Class>
        <Class>
          <Summary numSequencePoints="14" visitedSequencePoints="14" numBranchPoints="0" visitedBranchPoints="0" sequenceCoverage="100.0" branchCoverage="0.0" maxCyclomaticComplexity="0" minCyclomaticComplexity="0" maxCrapScore="0" minCrapScore="0" visitedClasses="1" numClasses="1" visitedMethods="4" numMethods="4" />
          <FullName>UnityEditor.TestTools.TestRunner.TestRunnerCallback</FullName>
          <Methods>
            <Method visited="true" cyclomaticComplexity="0" nPathComplexity="0" sequenceCoverage="100.0" branchCoverage="0" crapScore="0" isConstructor="false" isStatic="false" isGetter="false" isSetter="false">
              <Summary numSequencePoints="7" visitedSequencePoints="7" numBranchPoints="0" visitedBranchPoints="0" sequenceCoverage="100.0" branchCoverage="0" maxCyclomaticComplexity="0" minCyclomaticComplexity="0" maxCrapScore="0" minCrapScore="0" visitedClasses="0" numClasses="0" visitedMethods="1" numMethods="1" />
              <MetadataToken>100663538</MetadataToken>
              <Name>System.Void UnityEditor.TestTools.TestRunner.TestRunnerCallback::OnPlayModeStateChanged(UnityEditor.PlayModeStateChange)</Name>
              <FileRef uid="40" />
              <SequencePoints>
                <SequencePoint vc="1" uspid="10698" ordinal="0" offset="0" sl="15" sc="9" el="15" ec="9" bec="0" bev="0" fileid="40" />
                <SequencePoint vc="1" uspid="10699" ordinal="0" offset="1" sl="16" sc="13" el="16" ec="13" bec="0" bev="0" fileid="40" />
                <SequencePoint vc="1" uspid="10700" ordinal="0" offset="9" sl="17" sc="13" el="17" ec="13" bec="0" bev="0" fileid="40" />
                <SequencePoint vc="1" uspid="10701" ordinal="0" offset="10" sl="18" sc="17" el="18" ec="17" bec="0" bev="0" fileid="40" />
                <SequencePoint vc="1" uspid="10702" ordinal="0" offset="28" sl="20" sc="17" el="20" ec="17" bec="0" bev="0" fileid="40" />
                <SequencePoint vc="1" uspid="10703" ordinal="0" offset="34" sl="21" sc="13" el="21" ec="13" bec="0" bev="0" fileid="40" />
                <SequencePoint vc="1" uspid="10704" ordinal="0" offset="35" sl="22" sc="9" el="22" ec="9" bec="0" bev="0" fileid="40" />
              </SequencePoints>
              <BranchPoints />
            </Method>
            <Method visited="true" cyclomaticComplexity="0" nPathComplexity="0" sequenceCoverage="100.0" branchCoverage="0" crapScore="0" isConstructor="false" isStatic="false" isGetter="false" isSetter="false">
              <Summary numSequencePoints="3" visitedSequencePoints="3" numBranchPoints="0" visitedBranchPoints="0" sequenceCoverage="100.0" branchCoverage="0" maxCyclomaticComplexity="0" minCyclomaticComplexity="0" maxCrapScore="0" minCrapScore="0" visitedClasses="0" numClasses="0" visitedMethods="1" numMethods="1" />
              <MetadataToken>100663539</MetadataToken>
              <Name>System.Void UnityEditor.TestTools.TestRunner.TestRunnerCallback::RunFinished(NUnit.Framework.Interfaces.ITestResult)</Name>
              <FileRef uid="40" />
              <SequencePoints>
                <SequencePoint vc="1" uspid="10705" ordinal="0" offset="0" sl="25" sc="9" el="25" ec="9" bec="0" bev="0" fileid="40" />
                <SequencePoint vc="1" uspid="10706" ordinal="0" offset="1" sl="26" sc="13" el="26" ec="13" bec="0" bev="0" fileid="40" />
                <SequencePoint vc="1" uspid="10707" ordinal="0" offset="8" sl="27" sc="9" el="27" ec="9" bec="0" bev="0" fileid="40" />
              </SequencePoints>
              <BranchPoints />
            </Method>
            <Method visited="true" cyclomaticComplexity="0" nPathComplexity="0" sequenceCoverage="100.0" branchCoverage="0" crapScore="0" isConstructor="false" isStatic="false" isGetter="false" isSetter="false">
              <Summary numSequencePoints="2" visitedSequencePoints="2" numBranchPoints="0" visitedBranchPoints="0" sequenceCoverage="100.0" branchCoverage="0" maxCyclomaticComplexity="0" minCyclomaticComplexity="0" maxCrapScore="0" minCrapScore="0" visitedClasses="0" numClasses="0" visitedMethods="1" numMethods="1" />
              <MetadataToken>100663540</MetadataToken>
              <Name>System.Void UnityEditor.TestTools.TestRunner.TestRunnerCallback::TestStarted(NUnit.Framework.Interfaces.ITest)</Name>
              <FileRef uid="40" />
              <SequencePoints>
                <SequencePoint vc="8" uspid="10708" ordinal="0" offset="0" sl="30" sc="9" el="30" ec="9" bec="0" bev="0" fileid="40" />
                <SequencePoint vc="8" uspid="10709" ordinal="0" offset="1" sl="31" sc="9" el="31" ec="9" bec="0" bev="0" fileid="40" />
              </SequencePoints>
              <BranchPoints />
            </Method>
            <Method visited="true" cyclomaticComplexity="0" nPathComplexity="0" sequenceCoverage="100.0" branchCoverage="0" crapScore="0" isConstructor="false" isStatic="false" isGetter="false" isSetter="false">
              <Summary numSequencePoints="2" visitedSequencePoints="2" numBranchPoints="0" visitedBranchPoints="0" sequenceCoverage="100.0" branchCoverage="0" maxCyclomaticComplexity="0" minCyclomaticComplexity="0" maxCrapScore="0" minCrapScore="0" visitedClasses="0" numClasses="0" visitedMethods="1" numMethods="1" />
              <MetadataToken>100663541</MetadataToken>
              <Name>System.Void UnityEditor.TestTools.TestRunner.TestRunnerCallback::TestFinished(NUnit.Framework.Interfaces.ITestResult)</Name>
              <FileRef uid="40" />
              <SequencePoints>
                <SequencePoint vc="8" uspid="10710" ordinal="0" offset="0" sl="34" sc="9" el="34" ec="9" bec="0" bev="0" fileid="40" />
                <SequencePoint vc="8" uspid="10711" ordinal="0" offset="1" sl="35" sc="9" el="35" ec="9" bec="0" bev="0" fileid="40" />
              </SequencePoints>
              <BranchPoints />
            </Method>
          </Methods>
        </Class>
        <Class>
          <Summary numSequencePoints="7" visitedSequencePoints="0" numBranchPoints="0" visitedBranchPoints="0" sequenceCoverage="0.0" branchCoverage="0.0" maxCyclomaticComplexity="0" minCyclomaticComplexity="0" maxCrapScore="0" minCrapScore="0" visitedClasses="0" numClasses="1" visitedMethods="0" numMethods="1" />
          <FullName>UnityEditor.TestTools.TestRunner.EditModeRunner</FullName>
          <Methods>
            <Method visited="false" cyclomaticComplexity="0" nPathComplexity="0" sequenceCoverage="0.0" branchCoverage="0" crapScore="0" isConstructor="false" isStatic="false" isGetter="false" isSetter="false">
              <Summary numSequencePoints="7" visitedSequencePoints="0" numBranchPoints="0" visitedBranchPoints="0" sequenceCoverage="0.0" branchCoverage="0" maxCyclomaticComplexity="0" minCyclomaticComplexity="0" maxCrapScore="0" minCrapScore="0" visitedClasses="0" numClasses="0" visitedMethods="0" numMethods="1" />
              <MetadataToken>100663570</MetadataToken>
              <Name>T UnityEditor.TestTools.TestRunner.EditModeRunner::AddEventHandler[T]()</Name>
              <FileRef uid="42" />
              <SequencePoints>
                <SequencePoint vc="0" uspid="10942" ordinal="0" offset="0" sl="395" sc="0" el="395" ec="0" bec="0" bev="0" fileid="42" />
                <SequencePoint vc="0" uspid="10943" ordinal="0" offset="1" sl="396" sc="0" el="396" ec="0" bec="0" bev="0" fileid="42" />
                <SequencePoint vc="0" uspid="10944" ordinal="0" offset="7" sl="397" sc="0" el="397" ec="0" bec="0" bev="0" fileid="42" />
                <SequencePoint vc="0" uspid="10945" ordinal="0" offset="38" sl="398" sc="0" el="398" ec="0" bec="0" bev="0" fileid="42" />
                <SequencePoint vc="0" uspid="10946" ordinal="0" offset="56" sl="400" sc="0" el="400" ec="0" bec="0" bev="0" fileid="42" />
                <SequencePoint vc="0" uspid="10947" ordinal="0" offset="69" sl="402" sc="0" el="402" ec="0" bec="0" bev="0" fileid="42" />
                <SequencePoint vc="0" uspid="10948" ordinal="0" offset="73" sl="403" sc="0" el="403" ec="0" bec="0" bev="0" fileid="42" />
              </SequencePoints>
              <BranchPoints />
            </Method>
          </Methods>
        </Class>
        <Class>
          <Summary numSequencePoints="3" visitedSequencePoints="3" numBranchPoints="0" visitedBranchPoints="0" sequenceCoverage="100.0" branchCoverage="0.0" maxCyclomaticComplexity="0" minCyclomaticComplexity="0" maxCrapScore="0" minCrapScore="0" visitedClasses="1" numClasses="1" visitedMethods="1" numMethods="1" />
          <FullName>UnityEditor.TestTools.TestRunner.EditorAssemblyWrapper</FullName>
          <Methods>
            <Method visited="true" cyclomaticComplexity="0" nPathComplexity="0" sequenceCoverage="100.0" branchCoverage="0" crapScore="0" isConstructor="false" isStatic="false" isGetter="true" isSetter="false">
              <Summary numSequencePoints="3" visitedSequencePoints="3" numBranchPoints="0" visitedBranchPoints="0" sequenceCoverage="100.0" branchCoverage="0" maxCyclomaticComplexity="0" minCyclomaticComplexity="0" maxCrapScore="0" minCrapScore="0" visitedClasses="0" numClasses="0" visitedMethods="1" numMethods="1" />
              <MetadataToken>100663595</MetadataToken>
              <Name>System.String UnityEditor.TestTools.TestRunner.EditorAssemblyWrapper::get_Location()</Name>
              <FileRef uid="48" />
              <SequencePoints>
                <SequencePoint vc="7" uspid="11052" ordinal="0" offset="0" sl="16" sc="47" el="16" ec="47" bec="0" bev="0" fileid="48" />
                <SequencePoint vc="7" uspid="11053" ordinal="0" offset="1" sl="16" sc="49" el="16" ec="49" bec="0" bev="0" fileid="48" />
                <SequencePoint vc="7" uspid="11054" ordinal="0" offset="15" sl="16" sc="75" el="16" ec="75" bec="0" bev="0" fileid="48" />
              </SequencePoints>
              <BranchPoints />
            </Method>
          </Methods>
        </Class>
        <Class>
          <Summary numSequencePoints="11" visitedSequencePoints="8" numBranchPoints="0" visitedBranchPoints="0" sequenceCoverage="72.73" branchCoverage="0.0" maxCyclomaticComplexity="0" minCyclomaticComplexity="0" maxCrapScore="0" minCrapScore="0" visitedClasses="1" numClasses="1" visitedMethods="1" numMethods="1" />
          <FullName>UnityEditor.TestTools.TestRunner.TestListCache</FullName>
          <Methods>
            <Method visited="true" cyclomaticComplexity="0" nPathComplexity="0" sequenceCoverage="72.73" branchCoverage="0" crapScore="0" isConstructor="false" isStatic="false" isGetter="false" isSetter="false">
              <Summary numSequencePoints="11" visitedSequencePoints="8" numBranchPoints="0" visitedBranchPoints="0" sequenceCoverage="72.73" branchCoverage="0" maxCyclomaticComplexity="0" minCyclomaticComplexity="0" maxCrapScore="0" minCrapScore="0" visitedClasses="0" numClasses="0" visitedMethods="1" numMethods="1" />
              <MetadataToken>100663616</MetadataToken>
              <Name>System.Void UnityEditor.TestTools.TestRunner.TestListCache::CacheTest(UnityEngine.TestTools.TestPlatform, NUnit.Framework.Interfaces.ITest)</Name>
              <FileRef uid="51" />
              <SequencePoints>
                <SequencePoint vc="1" uspid="11118" ordinal="0" offset="0" sl="23" sc="9" el="23" ec="9" bec="0" bev="0" fileid="51" />
                <SequencePoint vc="1" uspid="11119" ordinal="0" offset="1" sl="24" sc="13" el="24" ec="13" bec="0" bev="0" fileid="51" />
                <SequencePoint vc="1" uspid="11120" ordinal="0" offset="19" sl="25" sc="13" el="25" ec="13" bec="0" bev="0" fileid="51" />
                <SequencePoint vc="1" uspid="11121" ordinal="0" offset="27" sl="26" sc="13" el="26" ec="13" bec="0" bev="0" fileid="51" />
                <SequencePoint vc="1" uspid="11122" ordinal="0" offset="28" sl="27" sc="17" el="27" ec="17" bec="0" bev="0" fileid="51" />
                <SequencePoint vc="1" uspid="11123" ordinal="0" offset="46" sl="28" sc="17" el="28" ec="17" bec="0" bev="0" fileid="51" />
                <SequencePoint vc="1" uspid="11124" ordinal="0" offset="64" sl="29" sc="13" el="29" ec="13" bec="0" bev="0" fileid="51" />
                <SequencePoint vc="0" uspid="11125" ordinal="0" offset="67" sl="31" sc="13" el="31" ec="13" bec="0" bev="0" fileid="51" />
                <SequencePoint vc="0" uspid="11126" ordinal="0" offset="68" sl="32" sc="17" el="32" ec="17" bec="0" bev="0" fileid="51" />
                <SequencePoint vc="0" uspid="11127" ordinal="0" offset="87" sl="33" sc="13" el="33" ec="13" bec="0" bev="0" fileid="51" />
                <SequencePoint vc="1" uspid="11128" ordinal="0" offset="88" sl="34" sc="9" el="34" ec="9" bec="0" bev="0" fileid="51" />
              </SequencePoints>
              <BranchPoints />
            </Method>
          </Methods>
        </Class>
        <Class>
          <Summary numSequencePoints="6" visitedSequencePoints="6" numBranchPoints="0" visitedBranchPoints="0" sequenceCoverage="100.0" branchCoverage="0.0" maxCyclomaticComplexity="0" minCyclomaticComplexity="0" maxCrapScore="0" minCrapScore="0" visitedClasses="1" numClasses="1" visitedMethods="2" numMethods="2" />
          <FullName>UnityEditor.TestTools.TestRunner.TestListCacheData</FullName>
          <Methods>
            <Method visited="true" cyclomaticComplexity="0" nPathComplexity="0" sequenceCoverage="100.0" branchCoverage="0" crapScore="0" isConstructor="false" isStatic="false" isGetter="true" isSetter="false">
              <Summary numSequencePoints="3" visitedSequencePoints="3" numBranchPoints="0" visitedBranchPoints="0" sequenceCoverage="100.0" branchCoverage="0" maxCyclomaticComplexity="0" minCyclomaticComplexity="0" maxCrapScore="0" minCrapScore="0" visitedClasses="0" numClasses="0" visitedMethods="1" numMethods="1" />
              <MetadataToken>100663619</MetadataToken>
              <Name>System.Collections.Generic.List[TestPlatform] UnityEditor.TestTools.TestRunner.TestListCacheData::get_platforms()</Name>
              <FileRef uid="52" />
              <SequencePoints>
                <SequencePoint vc="2" uspid="11139" ordinal="0" offset="0" sl="19" sc="17" el="19" ec="17" bec="0" bev="0" fileid="52" />
                <SequencePoint vc="2" uspid="11140" ordinal="0" offset="1" sl="19" sc="19" el="19" ec="19" bec="0" bev="0" fileid="52" />
                <SequencePoint vc="2" uspid="11141" ordinal="0" offset="10" sl="19" sc="39" el="19" ec="39" bec="0" bev="0" fileid="52" />
              </SequencePoints>
              <BranchPoints />
            </Method>
            <Method visited="true" cyclomaticComplexity="0" nPathComplexity="0" sequenceCoverage="100.0" branchCoverage="0" crapScore="0" isConstructor="false" isStatic="false" isGetter="true" isSetter="false">
              <Summary numSequencePoints="3" visitedSequencePoints="3" numBranchPoints="0" visitedBranchPoints="0" sequenceCoverage="100.0" branchCoverage="0" maxCyclomaticComplexity="0" minCyclomaticComplexity="0" maxCrapScore="0" minCrapScore="0" visitedClasses="0" numClasses="0" visitedMethods="1" numMethods="1" />
              <MetadataToken>100663620</MetadataToken>
              <Name>System.Collections.Generic.List[ITest] UnityEditor.TestTools.TestRunner.TestListCacheData::get_cachedData()</Name>
              <FileRef uid="52" />
              <SequencePoints>
                <SequencePoint vc="1" uspid="11142" ordinal="0" offset="0" sl="24" sc="17" el="24" ec="17" bec="0" bev="0" fileid="52" />
                <SequencePoint vc="1" uspid="11143" ordinal="0" offset="1" sl="24" sc="19" el="24" ec="19" bec="0" bev="0" fileid="52" />
                <SequencePoint vc="1" uspid="11144" ordinal="0" offset="10" sl="24" sc="40" el="24" ec="40" bec="0" bev="0" fileid="52" />
              </SequencePoints>
              <BranchPoints />
            </Method>
          </Methods>
        </Class>
        <Class>
          <Summary numSequencePoints="7" visitedSequencePoints="7" numBranchPoints="0" visitedBranchPoints="0" sequenceCoverage="100.0" branchCoverage="0.0" maxCyclomaticComplexity="0" minCyclomaticComplexity="0" maxCrapScore="0" minCrapScore="0" visitedClasses="1" numClasses="1" visitedMethods="1" numMethods="1" />
          <FullName>UnityEditor.TestTools.TestRunner.TestListJob</FullName>
          <Methods>
            <Method visited="true" cyclomaticComplexity="0" nPathComplexity="0" sequenceCoverage="100.0" branchCoverage="0" crapScore="0" isConstructor="false" isStatic="false" isGetter="false" isSetter="false">
              <Summary numSequencePoints="7" visitedSequencePoints="7" numBranchPoints="0" visitedBranchPoints="0" sequenceCoverage="100.0" branchCoverage="0" maxCyclomaticComplexity="0" minCyclomaticComplexity="0" maxCrapScore="0" minCrapScore="0" visitedClasses="0" numClasses="0" visitedMethods="1" numMethods="1" />
              <MetadataToken>100663624</MetadataToken>
              <Name>System.Void UnityEditor.TestTools.TestRunner.TestListJob::EditorUpdate()</Name>
              <FileRef uid="53" />
              <SequencePoints>
                <SequencePoint vc="15" uspid="11151" ordinal="0" offset="0" sl="28" sc="9" el="28" ec="9" bec="0" bev="0" fileid="53" />
                <SequencePoint vc="15" uspid="11152" ordinal="0" offset="1" sl="29" sc="13" el="29" ec="13" bec="0" bev="0" fileid="53" />
                <SequencePoint vc="1" uspid="11153" ordinal="0" offset="19" sl="30" sc="13" el="30" ec="13" bec="0" bev="0" fileid="53" />
                <SequencePoint vc="1" uspid="11154" ordinal="0" offset="20" sl="31" sc="17" el="31" ec="17" bec="0" bev="0" fileid="53" />
                <SequencePoint vc="1" uspid="11155" ordinal="0" offset="43" sl="32" sc="17" el="32" ec="17" bec="0" bev="0" fileid="53" />
                <SequencePoint vc="1" uspid="11156" ordinal="0" offset="75" sl="33" sc="13" el="33" ec="13" bec="0" bev="0" fileid="53" />
                <SequencePoint vc="15" uspid="11157" ordinal="0" offset="76" sl="34" sc="9" el="34" ec="9" bec="0" bev="0" fileid="53" />
              </SequencePoints>
              <BranchPoints />
            </Method>
          </Methods>
        </Class>
        <Class>
          <Summary numSequencePoints="51" visitedSequencePoints="31" numBranchPoints="0" visitedBranchPoints="0" sequenceCoverage="60.78" branchCoverage="0.0" maxCyclomaticComplexity="0" minCyclomaticComplexity="0" maxCrapScore="0" minCrapScore="0" visitedClasses="1" numClasses="1" visitedMethods="2" numMethods="2" />
          <FullName>UnityEditor.TestTools.TestRunner.TestRunnerWindow</FullName>
          <Methods>
            <Method visited="true" cyclomaticComplexity="0" nPathComplexity="0" sequenceCoverage="42.86" branchCoverage="0" crapScore="0" isConstructor="false" isStatic="true" isGetter="false" isSetter="false">
              <Summary numSequencePoints="7" visitedSequencePoints="3" numBranchPoints="0" visitedBranchPoints="0" sequenceCoverage="42.86" branchCoverage="0" maxCyclomaticComplexity="0" minCyclomaticComplexity="0" maxCrapScore="0" minCrapScore="0" visitedClasses="0" numClasses="0" visitedMethods="1" numMethods="1" />
              <MetadataToken>100663631</MetadataToken>
              <Name>static System.Void UnityEditor.TestTools.TestRunner.TestRunnerWindow::OnPlayModeStateChanged(UnityEditor.PlayModeStateChange)</Name>
              <FileRef uid="55" />
              <SequencePoints>
                <SequencePoint vc="1" uspid="11180" ordinal="0" offset="0" sl="95" sc="9" el="95" ec="9" bec="0" bev="0" fileid="55" />
                <SequencePoint vc="1" uspid="11181" ordinal="0" offset="1" sl="96" sc="13" el="96" ec="13" bec="0" bev="0" fileid="55" />
                <SequencePoint vc="0" uspid="11182" ordinal="0" offset="38" sl="97" sc="13" el="97" ec="13" bec="0" bev="0" fileid="55" />
                <SequencePoint vc="0" uspid="11183" ordinal="0" offset="39" sl="99" sc="17" el="99" ec="17" bec="0" bev="0" fileid="55" />
                <SequencePoint vc="0" uspid="11184" ordinal="0" offset="80" sl="100" sc="17" el="100" ec="17" bec="0" bev="0" fileid="55" />
                <SequencePoint vc="0" uspid="11185" ordinal="0" offset="91" sl="101" sc="13" el="101" ec="13" bec="0" bev="0" fileid="55" />
                <SequencePoint vc="1" uspid="11186" ordinal="0" offset="92" sl="102" sc="9" el="102" ec="9" bec="0" bev="0" fileid="55" />
              </SequencePoints>
              <BranchPoints />
            </Method>
            <Method visited="true" cyclomaticComplexity="0" nPathComplexity="0" sequenceCoverage="63.64" branchCoverage="0" crapScore="0" isConstructor="false" isStatic="false" isGetter="false" isSetter="false">
              <Summary numSequencePoints="44" visitedSequencePoints="28" numBranchPoints="0" visitedBranchPoints="0" sequenceCoverage="63.64" branchCoverage="0" maxCyclomaticComplexity="0" minCyclomaticComplexity="0" maxCrapScore="0" minCrapScore="0" visitedClasses="0" numClasses="0" visitedMethods="1" numMethods="1" />
              <MetadataToken>100663637</MetadataToken>
              <Name>System.Void UnityEditor.TestTools.TestRunner.TestRunnerWindow::OnGUI()</Name>
              <FileRef uid="55" />
              <SequencePoints>
                <SequencePoint vc="14" uspid="11233" ordinal="0" offset="0" sl="168" sc="9" el="168" ec="9" bec="0" bev="0" fileid="55" />
                <SequencePoint vc="14" uspid="11234" ordinal="0" offset="1" sl="169" sc="13" el="169" ec="13" bec="0" bev="0" fileid="55" />
                <SequencePoint vc="0" uspid="11235" ordinal="0" offset="14" sl="170" sc="13" el="170" ec="13" bec="0" bev="0" fileid="55" />
[...]
              <Name>System.Void EdgeTiles.AssignEdges::SetTilePositions(System.Collections.Generic.HashSet[Vector2Int])</Name>
              <FileRef uid="218" />
              <SequencePoints>
                <SequencePoint vc="3" uspid="18501" ordinal="0" offset="0" sl="26" sc="9" el="26" ec="9" bec="0" bev="0" fileid="218" />
                <SequencePoint vc="3" uspid="18502" ordinal="0" offset="1" sl="27" sc="13" el="27" ec="13" bec="0" bev="0" fileid="218" />
                <SequencePoint vc="3" uspid="18503" ordinal="0" offset="13" sl="28" sc="9" el="28" ec="9" bec="0" bev="0" fileid="218" />
              </SequencePoints>
              <BranchPoints />
            </Method>
            <Method visited="true" cyclomaticComplexity="0" nPathComplexity="0" sequenceCoverage="100.0" branchCoverage="0" crapScore="0" isConstructor="false" isStatic="false" isGetter="false" isSetter="false">
              <Summary numSequencePoints="3" visitedSequencePoints="3" numBranchPoints="0" visitedBranchPoints="0" sequenceCoverage="100.0" branchCoverage="0" maxCyclomaticComplexity="0" minCyclomaticComplexity="0" maxCrapScore="0" minCrapScore="0" visitedClasses="0" numClasses="0" visitedMethods="1" numMethods="1" />
              <MetadataToken>100663324</MetadataToken>
              <Name>System.Void EdgeTiles.AssignEdges::SetScale(System.Int32)</Name>
              <FileRef uid="218" />
              <SequencePoints>
                <SequencePoint vc="3" uspid="18504" ordinal="0" offset="0" sl="31" sc="9" el="31" ec="9" bec="0" bev="0" fileid="218" />
                <SequencePoint vc="3" uspid="18505" ordinal="0" offset="1" sl="32" sc="13" el="32" ec="13" bec="0" bev="0" fileid="218" />
                <SequencePoint vc="3" uspid="18506" ordinal="0" offset="8" sl="33" sc="9" el="33" ec="9" bec="0" bev="0" fileid="218" />
              </SequencePoints>
              <BranchPoints />
            </Method>
            <Method visited="true" cyclomaticComplexity="0" nPathComplexity="0" sequenceCoverage="100.0" branchCoverage="0" crapScore="0" isConstructor="false" isStatic="false" isGetter="false" isSetter="false">
              <Summary numSequencePoints="3" visitedSequencePoints="3" numBranchPoints="0" visitedBranchPoints="0" sequenceCoverage="100.0" branchCoverage="0" maxCyclomaticComplexity="0" minCyclomaticComplexity="0" maxCrapScore="0" minCrapScore="0" visitedClasses="0" numClasses="0" visitedMethods="1" numMethods="1" />
              <MetadataToken>100663325</MetadataToken>
              <Name>System.Void EdgeTiles.AssignEdges::SetTileObjects(System.Collections.Generic.Dictionary[Vector2Int,GameObject])</Name>
              <FileRef uid="218" />
              <SequencePoints>
                <SequencePoint vc="3" uspid="18507" ordinal="0" offset="0" sl="36" sc="9" el="36" ec="9" bec="0" bev="0" fileid="218" />
                <SequencePoint vc="3" uspid="18508" ordinal="0" offset="1" sl="37" sc="13" el="37" ec="13" bec="0" bev="0" fileid="218" />
                <SequencePoint vc="3" uspid="18509" ordinal="0" offset="8" sl="38" sc="9" el="38" ec="9" bec="0" bev="0" fileid="218" />
              </SequencePoints>
              <BranchPoints />
            </Method>
            <Method visited="true" cyclomaticComplexity="0" nPathComplexity="0" sequenceCoverage="92.59" branchCoverage="0" crapScore="0" isConstructor="false" isStatic="false" isGetter="false" isSetter="false">
              <Summary numSequencePoints="27" visitedSequencePoints="25" numBranchPoints="0" visitedBranchPoints="0" sequenceCoverage="92.59" branchCoverage="0" maxCyclomaticComplexity="0" minCyclomaticComplexity="0" maxCrapScore="0" minCrapScore="0" visitedClasses="0" numClasses="0" visitedMethods="1" numMethods="1" />
              <MetadataToken>100663326</MetadataToken>
              <Name>System.Void EdgeTiles.AssignEdges::AssignAndSwapEdgeTiles()</Name>
              <FileRef uid="218" />
              <SequencePoints>
                <SequencePoint vc="3" uspid="18510" ordinal="0" offset="0" sl="41" sc="46" el="41" ec="46" bec="0" bev="0" fileid="218" />
                <SequencePoint vc="3" uspid="18511" ordinal="0" offset="1" sl="42" sc="13" el="42" ec="13" bec="0" bev="0" fileid="218" />
                <SequencePoint vc="3" uspid="18512" ordinal="0" offset="2" sl="42" sc="37" el="42" ec="37" bec="0" bev="0" fileid="218" />
                <SequencePoint vc="60" uspid="18513" ordinal="0" offset="19" sl="42" sc="22" el="42" ec="22" bec="0" bev="0" fileid="218" />
                <SequencePoint vc="60" uspid="18514" ordinal="0" offset="27" sl="42" sc="52" el="42" ec="52" bec="0" bev="0" fileid="218" />
                <SequencePoint vc="60" uspid="18515" ordinal="0" offset="28" sl="43" sc="17" el="43" ec="17" bec="0" bev="0" fileid="218" />
                <SequencePoint vc="60" uspid="18516" ordinal="0" offset="36" sl="44" sc="17" el="44" ec="17" bec="0" bev="0" fileid="218" />
                <SequencePoint vc="3" uspid="18517" ordinal="0" offset="89" sl="46" sc="25" el="46" ec="25" bec="0" bev="0" fileid="218" />
                <SequencePoint vc="3" uspid="18518" ordinal="0" offset="103" sl="47" sc="25" el="47" ec="25" bec="0" bev="0" fileid="218" />
                <SequencePoint vc="4" uspid="18519" ordinal="0" offset="105" sl="49" sc="25" el="49" ec="25" bec="0" bev="0" fileid="218" />
                <SequencePoint vc="4" uspid="18520" ordinal="0" offset="119" sl="50" sc="25" el="50" ec="25" bec="0" bev="0" fileid="218" />
                <SequencePoint vc="4" uspid="18521" ordinal="0" offset="121" sl="52" sc="25" el="52" ec="25" bec="0" bev="0" fileid="218" />
                <SequencePoint vc="4" uspid="18522" ordinal="0" offset="135" sl="53" sc="25" el="53" ec="25" bec="0" bev="0" fileid="218" />
                <SequencePoint vc="3" uspid="18523" ordinal="0" offset="137" sl="55" sc="25" el="55" ec="25" bec="0" bev="0" fileid="218" />
                <SequencePoint vc="3" uspid="18524" ordinal="0" offset="151" sl="56" sc="25" el="56" ec="25" bec="0" bev="0" fileid="218" />
                <SequencePoint vc="0" uspid="18525" ordinal="0" offset="153" sl="58" sc="25" el="58" ec="25" bec="0" bev="0" fileid="218" />
                <SequencePoint vc="0" uspid="18526" ordinal="0" offset="167" sl="59" sc="25" el="59" ec="25" bec="0" bev="0" fileid="218" />
                <SequencePoint vc="1" uspid="18527" ordinal="0" offset="169" sl="61" sc="25" el="61" ec="25" bec="0" bev="0" fileid="218" />
                <SequencePoint vc="1" uspid="18528" ordinal="0" offset="183" sl="62" sc="25" el="62" ec="25" bec="0" bev="0" fileid="218" />
                <SequencePoint vc="1" uspid="18529" ordinal="0" offset="185" sl="64" sc="25" el="64" ec="25" bec="0" bev="0" fileid="218" />
                <SequencePoint vc="1" uspid="18530" ordinal="0" offset="199" sl="65" sc="25" el="65" ec="25" bec="0" bev="0" fileid="218" />
                <SequencePoint vc="2" uspid="18531" ordinal="0" offset="201" sl="67" sc="25" el="67" ec="25" bec="0" bev="0" fileid="218" />
                <SequencePoint vc="2" uspid="18532" ordinal="0" offset="215" sl="68" sc="25" el="68" ec="25" bec="0" bev="0" fileid="218" />
                <SequencePoint vc="42" uspid="18533" ordinal="0" offset="217" sl="72" sc="25" el="72" ec="25" bec="0" bev="0" fileid="218" />
                <SequencePoint vc="60" uspid="18534" ordinal="0" offset="219" sl="74" sc="13" el="74" ec="13" bec="0" bev="0" fileid="218" />
                <SequencePoint vc="63" uspid="18535" ordinal="0" offset="220" sl="42" sc="34" el="42" ec="34" bec="0" bev="0" fileid="218" />
                <SequencePoint vc="3" uspid="18536" ordinal="0" offset="249" sl="75" sc="9" el="75" ec="9" bec="0" bev="0" fileid="218" />
              </SequencePoints>
              <BranchPoints />
            </Method>
            <Method visited="true" cyclomaticComplexity="0" nPathComplexity="0" sequenceCoverage="93.10" branchCoverage="0" crapScore="0" isConstructor="false" isStatic="false" isGetter="false" isSetter="false">
              <Summary numSequencePoints="58" visitedSequencePoints="54" numBranchPoints="0" visitedBranchPoints="0" sequenceCoverage="93.10" branchCoverage="0" maxCyclomaticComplexity="0" minCyclomaticComplexity="0" maxCrapScore="0" minCrapScore="0" visitedClasses="0" numClasses="0" visitedMethods="1" numMethods="1" />
              <MetadataToken>100663327</MetadataToken>
              <Name>EdgeTiles.AssignEdges/TileType EdgeTiles.AssignEdges::GetTileType(UnityEngine.Vector2Int)</Name>
              <FileRef uid="218" />
              <SequencePoints>
                <SequencePoint vc="60" uspid="18537" ordinal="0" offset="0" sl="80" sc="9" el="80" ec="9" bec="0" bev="0" fileid="218" />
                <SequencePoint vc="60" uspid="18538" ordinal="0" offset="1" sl="81" sc="13" el="81" ec="13" bec="0" bev="0" fileid="218" />
                <SequencePoint vc="60" uspid="18539" ordinal="0" offset="10" sl="82" sc="13" el="82" ec="13" bec="0" bev="0" fileid="218" />
                <SequencePoint vc="60" uspid="18540" ordinal="0" offset="19" sl="83" sc="13" el="83" ec="13" bec="0" bev="0" fileid="218" />
                <SequencePoint vc="60" uspid="18541" ordinal="0" offset="28" sl="84" sc="13" el="84" ec="13" bec="0" bev="0" fileid="218" />
                <SequencePoint vc="60" uspid="18542" ordinal="0" offset="37" sl="87" sc="13" el="87" ec="13" bec="0" bev="0" fileid="218" />
                <SequencePoint vc="60" uspid="18543" ordinal="0" offset="52" sl="88" sc="13" el="88" ec="13" bec="0" bev="0" fileid="218" />
                <SequencePoint vc="60" uspid="18544" ordinal="0" offset="67" sl="89" sc="13" el="89" ec="13" bec="0" bev="0" fileid="218" />
                <SequencePoint vc="60" uspid="18545" ordinal="0" offset="82" sl="90" sc="13" el="90" ec="13" bec="0" bev="0" fileid="218" />
                <SequencePoint vc="60" uspid="18546" ordinal="0" offset="97" sl="92" sc="13" el="92" ec="13" bec="0" bev="0" fileid="218" />
                <SequencePoint vc="60" uspid="18547" ordinal="0" offset="117" sl="93" sc="13" el="93" ec="13" bec="0" bev="0" fileid="218" />
                <SequencePoint vc="60" uspid="18548" ordinal="0" offset="137" sl="94" sc="13" el="94" ec="13" bec="0" bev="0" fileid="218" />
                <SequencePoint vc="60" uspid="18549" ordinal="0" offset="157" sl="95" sc="13" el="95" ec="13" bec="0" bev="0" fileid="218" />
                <SequencePoint vc="60" uspid="18550" ordinal="0" offset="177" sl="97" sc="13" el="97" ec="13" bec="0" bev="0" fileid="218" />
                <SequencePoint vc="60" uspid="18551" ordinal="0" offset="209" sl="98" sc="13" el="98" ec="13" bec="0" bev="0" fileid="218" />
                <SequencePoint vc="60" uspid="18552" ordinal="0" offset="241" sl="99" sc="13" el="99" ec="13" bec="0" bev="0" fileid="218" />
                <SequencePoint vc="60" uspid="18553" ordinal="0" offset="273" sl="100" sc="13" el="100" ec="13" bec="0" bev="0" fileid="218" />
                <SequencePoint vc="60" uspid="18554" ordinal="0" offset="305" sl="101" sc="13" el="101" ec="13" bec="0" bev="0" fileid="218" />
                <SequencePoint vc="60" uspid="18555" ordinal="0" offset="337" sl="103" sc="13" el="103" ec="13" bec="0" bev="0" fileid="218" />
                <SequencePoint vc="60" uspid="18556" ordinal="0" offset="340" sl="104" sc="13" el="104" ec="13" bec="0" bev="0" fileid="218" />
                <SequencePoint vc="60" uspid="18557" ordinal="0" offset="343" sl="107" sc="13" el="107" ec="13" bec="0" bev="0" fileid="218" />
                <SequencePoint vc="0" uspid="18558" ordinal="0" offset="368" sl="107" sc="49" el="107" ec="49" bec="0" bev="0" fileid="218" />
                <SequencePoint vc="0" uspid="18559" ordinal="0" offset="369" sl="108" sc="17" el="108" ec="17" bec="0" bev="0" fileid="218" />
                <SequencePoint vc="0" uspid="18560" ordinal="0" offset="372" sl="109" sc="17" el="109" ec="17" bec="0" bev="0" fileid="218" />
                <SequencePoint vc="0" uspid="18561" ordinal="0" offset="375" sl="110" sc="13" el="110" ec="13" bec="0" bev="0" fileid="218" />
                <SequencePoint vc="60" uspid="18562" ordinal="0" offset="376" sl="111" sc="13" el="111" ec="13" bec="0" bev="0" fileid="218" />
                <SequencePoint vc="1" uspid="18563" ordinal="0" offset="402" sl="111" sc="49" el="111" ec="49" bec="0" bev="0" fileid="218" />
                <SequencePoint vc="1" uspid="18564" ordinal="0" offset="403" sl="112" sc="17" el="112" ec="17" bec="0" bev="0" fileid="218" />
                <SequencePoint vc="1" uspid="18565" ordinal="0" offset="406" sl="113" sc="17" el="113" ec="17" bec="0" bev="0" fileid="218" />
                <SequencePoint vc="1" uspid="18566" ordinal="0" offset="409" sl="114" sc="13" el="114" ec="13" bec="0" bev="0" fileid="218" />
                <SequencePoint vc="60" uspid="18567" ordinal="0" offset="410" sl="115" sc="13" el="115" ec="13" bec="0" bev="0" fileid="218" />
                <SequencePoint vc="1" uspid="18568" ordinal="0" offset="435" sl="115" sc="49" el="115" ec="49" bec="0" bev="0" fileid="218" />
                <SequencePoint vc="1" uspid="18569" ordinal="0" offset="436" sl="116" sc="17" el="116" ec="17" bec="0" bev="0" fileid="218" />
                <SequencePoint vc="1" uspid="18570" ordinal="0" offset="439" sl="117" sc="17" el="117" ec="17" bec="0" bev="0" fileid="218" />
                <SequencePoint vc="1" uspid="18571" ordinal="0" offset="442" sl="118" sc="13" el="118" ec="13" bec="0" bev="0" fileid="218" />
                <SequencePoint vc="60" uspid="18572" ordinal="0" offset="443" sl="119" sc="13" el="119" ec="13" bec="0" bev="0" fileid="218" />
                <SequencePoint vc="2" uspid="18573" ordinal="0" offset="474" sl="119" sc="49" el="119" ec="49" bec="0" bev="0" fileid="218" />
                <SequencePoint vc="2" uspid="18574" ordinal="0" offset="475" sl="120" sc="17" el="120" ec="17" bec="0" bev="0" fileid="218" />
                <SequencePoint vc="2" uspid="18575" ordinal="0" offset="478" sl="121" sc="17" el="121" ec="17" bec="0" bev="0" fileid="218" />
                <SequencePoint vc="2" uspid="18576" ordinal="0" offset="481" sl="122" sc="13" el="122" ec="13" bec="0" bev="0" fileid="218" />
                <SequencePoint vc="60" uspid="18577" ordinal="0" offset="482" sl="123" sc="13" el="123" ec="13" bec="0" bev="0" fileid="218" />
                <SequencePoint vc="56" uspid="18578" ordinal="0" offset="490" sl="123" sc="22" el="123" ec="22" bec="0" bev="0" fileid="218" />
                <SequencePoint vc="56" uspid="18579" ordinal="0" offset="491" sl="125" sc="17" el="125" ec="17" bec="0" bev="0" fileid="218" />
                <SequencePoint vc="3" uspid="18580" ordinal="0" offset="509" sl="125" sc="36" el="125" ec="36" bec="0" bev="0" fileid="218" />
                <SequencePoint vc="56" uspid="18581" ordinal="0" offset="512" sl="126" sc="17" el="126" ec="17" bec="0" bev="0" fileid="218" />
                <SequencePoint vc="4" uspid="18582" ordinal="0" offset="530" sl="126" sc="35" el="126" ec="35" bec="0" bev="0" fileid="218" />
                <SequencePoint vc="56" uspid="18583" ordinal="0" offset="533" sl="127" sc="17" el="127" ec="17" bec="0" bev="0" fileid="218" />
                <SequencePoint vc="4" uspid="18584" ordinal="0" offset="551" sl="127" sc="38" el="127" ec="38" bec="0" bev="0" fileid="218" />
                <SequencePoint vc="56" uspid="18585" ordinal="0" offset="554" sl="128" sc="17" el="128" ec="17" bec="0" bev="0" fileid="218" />
                <SequencePoint vc="3" uspid="18586" ordinal="0" offset="572" sl="128" sc="37" el="128" ec="37" bec="0" bev="0" fileid="218" />
                <SequencePoint vc="56" uspid="18587" ordinal="0" offset="575" sl="129" sc="13" el="129" ec="13" bec="0" bev="0" fileid="218" />
                <SequencePoint vc="60" uspid="18588" ordinal="0" offset="576" sl="133" sc="13" el="133" ec="13" bec="0" bev="0" fileid="218" />
                <SequencePoint vc="60" uspid="18589" ordinal="0" offset="626" sl="136" sc="13" el="136" ec="13" bec="0" bev="0" fileid="218" />
                <SequencePoint vc="60" uspid="18590" ordinal="0" offset="646" sl="136" sc="78" el="136" ec="78" bec="0" bev="0" fileid="218" />
                <SequencePoint vc="60" uspid="18591" ordinal="0" offset="647" sl="137" sc="17" el="137" ec="17" bec="0" bev="0" fileid="218" />
                <SequencePoint vc="60" uspid="18592" ordinal="0" offset="744" sl="138" sc="13" el="138" ec="13" bec="0" bev="0" fileid="218" />
                <SequencePoint vc="60" uspid="18593" ordinal="0" offset="745" sl="140" sc="13" el="140" ec="13" bec="0" bev="0" fileid="218" />
                <SequencePoint vc="60" uspid="18594" ordinal="0" offset="751" sl="142" sc="9" el="142" ec="9" bec="0" bev="0" fileid="218" />
              </SequencePoints>
              <BranchPoints />
            </Method>
            <Method visited="true" cyclomaticComplexity="0" nPathComplexity="0" sequenceCoverage="78.57" branchCoverage="0" crapScore="0" isConstructor="false" isStatic="false" isGetter="false" isSetter="false">
              <Summary numSequencePoints="14" visitedSequencePoints="11" numBranchPoints="0" visitedBranchPoints="0" sequenceCoverage="78.57" branchCoverage="0" maxCyclomaticComplexity="0" minCyclomaticComplexity="0" maxCrapScore="0" minCrapScore="0" visitedClasses="0" numClasses="0" visitedMethods="1" numMethods="1" />
              <MetadataToken>100663328</MetadataToken>
              <Name>System.Void EdgeTiles.AssignEdges::SwapTile(UnityEngine.Vector2Int, UnityEngine.GameObject)</Name>
              <FileRef uid="218" />
              <SequencePoints>
                <SequencePoint vc="18" uspid="18595" ordinal="0" offset="0" sl="145" sc="70" el="145" ec="70" bec="0" bev="0" fileid="218" />
                <SequencePoint vc="18" uspid="18596" ordinal="0" offset="1" sl="146" sc="13" el="146" ec="13" bec="0" bev="0" fileid="218" />
                <SequencePoint vc="18" uspid="18597" ordinal="0" offset="22" sl="146" sc="76" el="146" ec="76" bec="0" bev="0" fileid="218" />
                <SequencePoint vc="18" uspid="18598" ordinal="0" offset="23" sl="147" sc="17" el="147" ec="17" bec="0" bev="0" fileid="218" />
                <SequencePoint vc="18" uspid="18599" ordinal="0" offset="54" sl="149" sc="17" el="149" ec="17" bec="0" bev="0" fileid="218" />
                <SequencePoint vc="18" uspid="18600" ordinal="0" offset="61" sl="152" sc="17" el="152" ec="17" bec="0" bev="0" fileid="218" />
                <SequencePoint vc="18" uspid="18601" ordinal="0" offset="118" sl="153" sc="17" el="153" ec="17" bec="0" bev="0" fileid="218" />
                <SequencePoint vc="18" uspid="18602" ordinal="0" offset="207" sl="154" sc="17" el="154" ec="17" bec="0" bev="0" fileid="218" />
                <SequencePoint vc="18" uspid="18603" ordinal="0" offset="243" sl="157" sc="17" el="157" ec="17" bec="0" bev="0" fileid="218" />
                <SequencePoint vc="18" uspid="18604" ordinal="0" offset="257" sl="158" sc="13" el="158" ec="13" bec="0" bev="0" fileid="218" />
                <SequencePoint vc="0" uspid="18605" ordinal="0" offset="260" sl="158" sc="20" el="158" ec="20" bec="0" bev="0" fileid="218" />
                <SequencePoint vc="0" uspid="18606" ordinal="0" offset="261" sl="159" sc="17" el="159" ec="17" bec="0" bev="0" fileid="218" />
                <SequencePoint vc="0" uspid="18607" ordinal="0" offset="297" sl="160" sc="13" el="160" ec="13" bec="0" bev="0" fileid="218" />
                <SequencePoint vc="18" uspid="18608" ordinal="0" offset="298" sl="161" sc="9" el="161" ec="9" bec="0" bev="0" fileid="218" />
              </SequencePoints>
              <BranchPoints />
            </Method>
          </Methods>
        </Class>
      </Classes>
    </Module>
  </Modules>
</CoverageSession>