<?xml version="1.0" encoding="utf-8"?>
<CoverageSession xmlns:xsd="http://www.w3.org/2001/XMLSchema" xmlns:xsi="http://www.w3.org/2001/XMLSchema-instance" Version="0.0.0.0">
  <Summary numSequencePoints="96" visitedSequencePoints="75" numBranchPoints="0" visitedBranchPoints="0" sequenceCoverage="78.12" branchCoverage="0.0" maxCyclomaticComplexity="0" minCyclomaticComplexity="0" maxCrapScore="0" minCrapScore="0" visitedClasses="2" numClasses="2" visitedMethods="11" numMethods="11" />
  <Modules>
    <Module>
      <Summary numSequencePoints="96" visitedSequencePoints="75" numBranchPoints="0" visitedBranchPoints="0" sequenceCoverage="78.12" branchCoverage="0.0" maxCyclomaticComplexity="0" minCyclomaticComplexity="0" maxCrapScore="0" minCrapScore="0" visitedClasses="2" numClasses="2" visitedMethods="11" numMethods="11" />
      <ModuleTime>0001-01-01T00:00:00</ModuleTime>
      <ModuleName>MapGenAssembly</ModuleName>
      <Files>
        <File uid="1" fullPath="C:/Users/Matthew/OneDrive/Documents/GitHub/2024-S-GROUP2-2DRove/2DRove/Assets/Scripts/DLA.cs" />
        <File uid="2" fullPath="C:/Users/Matthew/OneDrive/Documents/GitHub/2024-S-GROUP2-2DRove/2DRove/Assets/Scripts/Player.cs" />
        <File uid="3" fullPath="C:/Users/Matthew/OneDrive/Documents/GitHub/2024-S-GROUP2-2DRove/2DRove/Assets/Scripts/MapGenDLA.cs" />
        <File uid="4" fullPath="C:/Users/Matthew/OneDrive/Documents/GitHub/2024-S-GROUP2-2DRove/2DRove/Assets/Scripts/MapGen.cs" />
      </Files>
      <Classes>
        <Class>
          <Summary numSequencePoints="17" visitedSequencePoints="14" numBranchPoints="0" visitedBranchPoints="0" sequenceCoverage="82.35" branchCoverage="0.0" maxCyclomaticComplexity="0" minCyclomaticComplexity="0" maxCrapScore="0" minCrapScore="0" visitedClasses="1" numClasses="1" visitedMethods="3" numMethods="3" />
          <FullName>Player</FullName>
          <Methods>
            <Method visited="true" cyclomaticComplexity="0" nPathComplexity="0" sequenceCoverage="100.0" branchCoverage="0" crapScore="0" isConstructor="false" isStatic="false" isGetter="false" isSetter="false">
              <Summary numSequencePoints="3" visitedSequencePoints="3" numBranchPoints="0" visitedBranchPoints="0" sequenceCoverage="100.0" branchCoverage="0" maxCyclomaticComplexity="0" minCyclomaticComplexity="0" maxCrapScore="0" minCrapScore="0" visitedClasses="0" numClasses="0" visitedMethods="1" numMethods="1" />
              <MetadataToken>100663314</MetadataToken>
              <Name>System.Void Player::Start()</Name>
              <FileRef uid="2" />
              <SequencePoints>
                <SequencePoint vc="1" uspid="480" ordinal="0" offset="0" sl="17" sc="5" el="17" ec="5" bec="0" bev="0" fileid="2" />
                <SequencePoint vc="1" uspid="481" ordinal="0" offset="1" sl="18" sc="9" el="18" ec="9" bec="0" bev="0" fileid="2" />
                <SequencePoint vc="1" uspid="482" ordinal="0" offset="13" sl="19" sc="5" el="19" ec="5" bec="0" bev="0" fileid="2" />
              </SequencePoints>
              <BranchPoints />
            </Method>
            <Method visited="true" cyclomaticComplexity="0" nPathComplexity="0" sequenceCoverage="75.00" branchCoverage="0" crapScore="0" isConstructor="false" isStatic="false" isGetter="false" isSetter="false">
              <Summary numSequencePoints="12" visitedSequencePoints="9" numBranchPoints="0" visitedBranchPoints="0" sequenceCoverage="75.00" branchCoverage="0" maxCyclomaticComplexity="0" minCyclomaticComplexity="0" maxCrapScore="0" minCrapScore="0" visitedClasses="0" numClasses="0" visitedMethods="1" numMethods="1" />
              <MetadataToken>100663315</MetadataToken>
              <Name>System.Void Player::FixedUpdate()</Name>
              <FileRef uid="2" />
              <SequencePoints>
                <SequencePoint vc="1" uspid="483" ordinal="0" offset="0" sl="28" sc="5" el="28" ec="5" bec="0" bev="0" fileid="2" />
                <SequencePoint vc="1" uspid="484" ordinal="0" offset="1" sl="29" sc="9" el="29" ec="9" bec="0" bev="0" fileid="2" />
                <SequencePoint vc="1" uspid="485" ordinal="0" offset="71" sl="30" sc="9" el="30" ec="9" bec="0" bev="0" fileid="2" />
                <SequencePoint vc="1" uspid="486" ordinal="0" offset="141" sl="31" sc="9" el="31" ec="9" bec="0" bev="0" fileid="2" />
                <SequencePoint vc="0" uspid="487" ordinal="0" offset="171" sl="32" sc="9" el="32" ec="9" bec="0" bev="0" fileid="2" />
                <SequencePoint vc="0" uspid="488" ordinal="0" offset="172" sl="33" sc="13" el="33" ec="13" bec="0" bev="0" fileid="2" />
                <SequencePoint vc="0" uspid="489" ordinal="0" offset="184" sl="34" sc="9" el="34" ec="9" bec="0" bev="0" fileid="2" />
                <SequencePoint vc="1" uspid="490" ordinal="0" offset="187" sl="36" sc="9" el="36" ec="9" bec="0" bev="0" fileid="2" />
                <SequencePoint vc="1" uspid="491" ordinal="0" offset="188" sl="37" sc="13" el="37" ec="13" bec="0" bev="0" fileid="2" />
                <SequencePoint vc="1" uspid="492" ordinal="0" offset="200" sl="38" sc="9" el="38" ec="9" bec="0" bev="0" fileid="2" />
                <SequencePoint vc="1" uspid="493" ordinal="0" offset="201" sl="39" sc="9" el="39" ec="9" bec="0" bev="0" fileid="2" />
                <SequencePoint vc="1" uspid="494" ordinal="0" offset="241" sl="62" sc="5" el="62" ec="5" bec="0" bev="0" fileid="2" />
              </SequencePoints>
              <BranchPoints />
            </Method>
            <Method visited="true" cyclomaticComplexity="0" nPathComplexity="0" sequenceCoverage="100.0" branchCoverage="0" crapScore="0" isConstructor="true" isStatic="false" isGetter="false" isSetter="false">
              <Summary numSequencePoints="2" visitedSequencePoints="2" numBranchPoints="0" visitedBranchPoints="0" sequenceCoverage="100.0" branchCoverage="0" maxCyclomaticComplexity="0" minCyclomaticComplexity="0" maxCrapScore="0" minCrapScore="0" visitedClasses="0" numClasses="0" visitedMethods="1" numMethods="1" />
              <MetadataToken>100663316</MetadataToken>
              <Name>Player::Player()</Name>
              <FileRef uid="2" />
              <SequencePoints>
                <SequencePoint vc="1" uspid="495" ordinal="0" offset="0" sl="10" sc="22" el="10" ec="22" bec="0" bev="0" fileid="2" />
                <SequencePoint vc="1" uspid="496" ordinal="0" offset="11" sl="11" sc="22" el="11" ec="22" bec="0" bev="0" fileid="2" />
              </SequencePoints>
              <BranchPoints />
            </Method>
          </Methods>
        </Class>
        <Class>
          <Summary numSequencePoints="79" visitedSequencePoints="61" numBranchPoints="0" visitedBranchPoints="0" sequenceCoverage="77.22" branchCoverage="0.0" maxCyclomaticComplexity="0" minCyclomaticComplexity="0" maxCrapScore="0" minCrapScore="0" visitedClasses="1" numClasses="1" visitedMethods="8" numMethods="8" />
          <FullName>MapGenDLA.MapGenDLA</FullName>
          <Methods>
            <Method visited="true" cyclomaticComplexity="0" nPathComplexity="0" sequenceCoverage="65.38" branchCoverage="0" crapScore="0" isConstructor="false" isStatic="false" isGetter="false" isSetter="false">
              <Summary numSequencePoints="26" visitedSequencePoints="17" numBranchPoints="0" visitedBranchPoints="0" sequenceCoverage="65.38" branchCoverage="0" maxCyclomaticComplexity="0" minCyclomaticComplexity="0" maxCrapScore="0" minCrapScore="0" visitedClasses="0" numClasses="0" visitedMethods="1" numMethods="1" />
              <MetadataToken>100663319</MetadataToken>
              <Name>System.Void MapGenDLA.MapGenDLA::Start()</Name>
              <FileRef uid="3" />
              <SequencePoints>
                <SequencePoint vc="1" uspid="497" ordinal="0" offset="0" sl="27" sc="9" el="27" ec="9" bec="0" bev="0" fileid="3" />
                <SequencePoint vc="1" uspid="498" ordinal="0" offset="1" sl="29" sc="13" el="29" ec="13" bec="0" bev="0" fileid="3" />
                <SequencePoint vc="1" uspid="499" ordinal="0" offset="43" sl="30" sc="13" el="30" ec="13" bec="0" bev="0" fileid="3" />
                <SequencePoint vc="0" uspid="500" ordinal="0" offset="58" sl="30" sc="40" el="30" ec="40" bec="0" bev="0" fileid="3" />
                <SequencePoint vc="0" uspid="501" ordinal="0" offset="59" sl="31" sc="17" el="31" ec="17" bec="0" bev="0" fileid="3" />
                <SequencePoint vc="0" uspid="502" ordinal="0" offset="70" sl="32" sc="17" el="32" ec="17" bec="0" bev="0" fileid="3" />
                <SequencePoint vc="1" uspid="503" ordinal="0" offset="75" sl="34" sc="13" el="34" ec="13" bec="0" bev="0" fileid="3" />
                <SequencePoint vc="0" uspid="504" ordinal="0" offset="93" sl="34" sc="29" el="34" ec="29" bec="0" bev="0" fileid="3" />
                <SequencePoint vc="0" uspid="505" ordinal="0" offset="94" sl="35" sc="17" el="35" ec="17" bec="0" bev="0" fileid="3" />
                <SequencePoint vc="0" uspid="506" ordinal="0" offset="105" sl="36" sc="17" el="36" ec="17" bec="0" bev="0" fileid="3" />
                <SequencePoint vc="1" uspid="507" ordinal="0" offset="107" sl="38" sc="13" el="38" ec="13" bec="0" bev="0" fileid="3" />
                <SequencePoint vc="0" uspid="508" ordinal="0" offset="125" sl="38" sc="27" el="38" ec="27" bec="0" bev="0" fileid="3" />
                <SequencePoint vc="0" uspid="509" ordinal="0" offset="126" sl="39" sc="17" el="39" ec="17" bec="0" bev="0" fileid="3" />
                <SequencePoint vc="0" uspid="510" ordinal="0" offset="137" sl="40" sc="13" el="40" ec="13" bec="0" bev="0" fileid="3" />
                <SequencePoint vc="1" uspid="511" ordinal="0" offset="138" sl="42" sc="13" el="42" ec="13" bec="0" bev="0" fileid="3" />
                <SequencePoint vc="1" uspid="512" ordinal="0" offset="147" sl="43" sc="13" el="43" ec="13" bec="0" bev="0" fileid="3" />
                <SequencePoint vc="1" uspid="513" ordinal="0" offset="156" sl="47" sc="13" el="47" ec="13" bec="0" bev="0" fileid="3" />
                <SequencePoint vc="1" uspid="514" ordinal="0" offset="164" sl="49" sc="13" el="49" ec="13" bec="0" bev="0" fileid="3" />
                <SequencePoint vc="19" uspid="515" ordinal="0" offset="168" sl="50" sc="31" el="50" ec="31" bec="0" bev="0" fileid="3" />
                <SequencePoint vc="19" uspid="516" ordinal="0" offset="169" sl="53" sc="17" el="53" ec="17" bec="0" bev="0" fileid="3" />
                <SequencePoint vc="19" uspid="517" ordinal="0" offset="176" sl="56" sc="17" el="56" ec="17" bec="0" bev="0" fileid="3" />
                <SequencePoint vc="19" uspid="518" ordinal="0" offset="187" sl="59" sc="17" el="59" ec="17" bec="0" bev="0" fileid="3" />
                <SequencePoint vc="19" uspid="519" ordinal="0" offset="195" sl="60" sc="17" el="60" ec="17" bec="0" bev="0" fileid="3" />
                <SequencePoint vc="19" uspid="520" ordinal="0" offset="199" sl="61" sc="13" el="61" ec="13" bec="0" bev="0" fileid="3" />
                <SequencePoint vc="20" uspid="521" ordinal="0" offset="200" sl="50" sc="13" el="50" ec="13" bec="0" bev="0" fileid="3" />
                <SequencePoint vc="1" uspid="522" ordinal="0" offset="215" sl="66" sc="9" el="66" ec="9" bec="0" bev="0" fileid="3" />
              </SequencePoints>
              <BranchPoints />
            </Method>
            <Method visited="true" cyclomaticComplexity="0" nPathComplexity="0" sequenceCoverage="100.0" branchCoverage="0" crapScore="0" isConstructor="false" isStatic="false" isGetter="false" isSetter="false">
              <Summary numSequencePoints="7" visitedSequencePoints="7" numBranchPoints="0" visitedBranchPoints="0" sequenceCoverage="100.0" branchCoverage="0" maxCyclomaticComplexity="0" minCyclomaticComplexity="0" maxCrapScore="0" minCrapScore="0" visitedClasses="0" numClasses="0" visitedMethods="1" numMethods="1" />
              <MetadataToken>100663320</MetadataToken>
              <Name>System.Void MapGenDLA.MapGenDLA::GenerateFirstTile(UnityEngine.Vector2Int)</Name>
              <FileRef uid="3" />
              <SequencePoints>
                <SequencePoint vc="1" uspid="523" ordinal="0" offset="0" sl="70" sc="9" el="70" ec="9" bec="0" bev="0" fileid="3" />
                <SequencePoint vc="1" uspid="524" ordinal="0" offset="1" sl="71" sc="13" el="71" ec="13" bec="0" bev="0" fileid="3" />
                <SequencePoint vc="1" uspid="525" ordinal="0" offset="38" sl="72" sc="13" el="72" ec="13" bec="0" bev="0" fileid="3" />
                <SequencePoint vc="1" uspid="526" ordinal="0" offset="50" sl="73" sc="13" el="73" ec="13" bec="0" bev="0" fileid="3" />
                <SequencePoint vc="1" uspid="527" ordinal="0" offset="86" sl="74" sc="13" el="74" ec="13" bec="0" bev="0" fileid="3" />
                <SequencePoint vc="1" uspid="528" ordinal="0" offset="104" sl="76" sc="13" el="76" ec="13" bec="0" bev="0" fileid="3" />
                <SequencePoint vc="1" uspid="529" ordinal="0" offset="115" sl="77" sc="9" el="77" ec="9" bec="0" bev="0" fileid="3" />
              </SequencePoints>
              <BranchPoints />
            </Method>
            <Method visited="true" cyclomaticComplexity="0" nPathComplexity="0" sequenceCoverage="100.0" branchCoverage="0" crapScore="0" isConstructor="false" isStatic="false" isGetter="false" isSetter="false">
              <Summary numSequencePoints="5" visitedSequencePoints="5" numBranchPoints="0" visitedBranchPoints="0" sequenceCoverage="100.0" branchCoverage="0" maxCyclomaticComplexity="0" minCyclomaticComplexity="0" maxCrapScore="0" minCrapScore="0" visitedClasses="0" numClasses="0" visitedMethods="1" numMethods="1" />
              <MetadataToken>100663321</MetadataToken>
              <Name>UnityEngine.Vector2Int MapGenDLA.MapGenDLA::RandomDirection()</Name>
              <FileRef uid="3" />
              <SequencePoints>
                <SequencePoint vc="19" uspid="530" ordinal="0" offset="0" sl="81" sc="9" el="81" ec="9" bec="0" bev="0" fileid="3" />
                <SequencePoint vc="19" uspid="531" ordinal="0" offset="1" sl="82" sc="13" el="82" ec="13" bec="0" bev="0" fileid="3" />
                <SequencePoint vc="19" uspid="532" ordinal="0" offset="84" sl="90" sc="13" el="90" ec="13" bec="0" bev="0" fileid="3" />
                <SequencePoint vc="19" uspid="533" ordinal="0" offset="94" sl="91" sc="13" el="91" ec="13" bec="0" bev="0" fileid="3" />
                <SequencePoint vc="19" uspid="534" ordinal="0" offset="104" sl="92" sc="9" el="92" ec="9" bec="0" bev="0" fileid="3" />
              </SequencePoints>
              <BranchPoints />
            </Method>
            <Method visited="true" cyclomaticComplexity="0" nPathComplexity="0" sequenceCoverage="60.00" branchCoverage="0" crapScore="0" isConstructor="false" isStatic="false" isGetter="false" isSetter="false">
              <Summary numSequencePoints="20" visitedSequencePoints="12" numBranchPoints="0" visitedBranchPoints="0" sequenceCoverage="60.00" branchCoverage="0" maxCyclomaticComplexity="0" minCyclomaticComplexity="0" maxCrapScore="0" minCrapScore="0" visitedClasses="0" numClasses="0" visitedMethods="1" numMethods="1" />
              <MetadataToken>100663322</MetadataToken>
              <Name>System.Void MapGenDLA.MapGenDLA::FindOpenTile(UnityEngine.Vector2Int&amp;, UnityEngine.Vector2Int&amp;)</Name>
              <FileRef uid="3" />
              <SequencePoints>
                <SequencePoint vc="19" uspid="535" ordinal="0" offset="0" sl="95" sc="9" el="95" ec="9" bec="0" bev="0" fileid="3" />
                <SequencePoint vc="19" uspid="536" ordinal="0" offset="1" sl="99" sc="13" el="99" ec="13" bec="0" bev="0" fileid="3" />
                <SequencePoint vc="0" uspid="537" ordinal="0" offset="21" sl="99" sc="56" el="99" ec="56" bec="0" bev="0" fileid="3" />
                <SequencePoint vc="0" uspid="538" ordinal="0" offset="24" sl="100" sc="63" el="100" ec="63" bec="0" bev="0" fileid="3" />
                <SequencePoint vc="0" uspid="539" ordinal="0" offset="25" sl="103" sc="21" el="103" ec="21" bec="0" bev="0" fileid="3" />
                <SequencePoint vc="0" uspid="540" ordinal="0" offset="33" sl="104" sc="21" el="104" ec="21" bec="0" bev="0" fileid="3" />
                <SequencePoint vc="0" uspid="541" ordinal="0" offset="52" sl="105" sc="17" el="105" ec="17" bec="0" bev="0" fileid="3" />
                <SequencePoint vc="0" uspid="542" ordinal="0" offset="53" sl="100" sc="17" el="100" ec="17" bec="0" bev="0" fileid="3" />
                <SequencePoint vc="0" uspid="543" ordinal="0" offset="73" sl="106" sc="17" el="106" ec="17" bec="0" bev="0" fileid="3" />
                <SequencePoint vc="0" uspid="544" ordinal="0" offset="85" sl="107" sc="13" el="107" ec="13" bec="0" bev="0" fileid="3" />
                <SequencePoint vc="19" uspid="545" ordinal="0" offset="88" sl="108" sc="17" el="108" ec="17" bec="0" bev="0" fileid="3" />
                <SequencePoint vc="19" uspid="546" ordinal="0" offset="89" sl="110" sc="17" el="110" ec="17" bec="0" bev="0" fileid="3" />
                <SequencePoint vc="9526" uspid="547" ordinal="0" offset="103" sl="113" sc="64" el="113" ec="64" bec="0" bev="0" fileid="3" />
                <SequencePoint vc="9526" uspid="548" ordinal="0" offset="104" sl="117" sc="21" el="117" ec="21" bec="0" bev="0" fileid="3" />
                <SequencePoint vc="9526" uspid="549" ordinal="0" offset="116" sl="120" sc="21" el="120" ec="21" bec="0" bev="0" fileid="3" />
                <SequencePoint vc="9526" uspid="550" ordinal="0" offset="124" sl="121" sc="21" el="121" ec="21" bec="0" bev="0" fileid="3" />
                <SequencePoint vc="9526" uspid="551" ordinal="0" offset="143" sl="122" sc="17" el="122" ec="17" bec="0" bev="0" fileid="3" />
                <SequencePoint vc="9545" uspid="552" ordinal="0" offset="144" sl="113" sc="17" el="113" ec="17" bec="0" bev="0" fileid="3" />
                <SequencePoint vc="19" uspid="553" ordinal="0" offset="169" sl="123" sc="13" el="123" ec="13" bec="0" bev="0" fileid="3" />
                <SequencePoint vc="19" uspid="554" ordinal="0" offset="170" sl="124" sc="9" el="124" ec="9" bec="0" bev="0" fileid="3" />
              </SequencePoints>
              <BranchPoints />
            </Method>
            <Method visited="true" cyclomaticComplexity="0" nPathComplexity="0" sequenceCoverage="87.50" branchCoverage="0" crapScore="0" isConstructor="false" isStatic="false" isGetter="false" isSetter="false">
              <Summary numSequencePoints="8" visitedSequencePoints="7" numBranchPoints="0" visitedBranchPoints="0" sequenceCoverage="87.50" branchCoverage="0" maxCyclomaticComplexity="0" minCyclomaticComplexity="0" maxCrapScore="0" minCrapScore="0" visitedClasses="0" numClasses="0" visitedMethods="1" numMethods="1" />
              <MetadataToken>100663323</MetadataToken>
              <Name>UnityEngine.Vector2Int MapGenDLA.MapGenDLA::UpdatePosition(System.Int32, UnityEngine.Vector2Int)</Name>
              <FileRef uid="3" />
              <SequencePoints>
                <SequencePoint vc="9526" uspid="555" ordinal="0" offset="0" sl="127" sc="9" el="127" ec="9" bec="0" bev="0" fileid="3" />
                <SequencePoint vc="9526" uspid="556" ordinal="0" offset="1" sl="133" sc="13" el="133" ec="13" bec="0" bev="0" fileid="3" />
                <SequencePoint vc="2411" uspid="557" ordinal="0" offset="32" sl="135" sc="25" el="135" ec="25" bec="0" bev="0" fileid="3" />
                <SequencePoint vc="2395" uspid="558" ordinal="0" offset="95" sl="136" sc="25" el="136" ec="25" bec="0" bev="0" fileid="3" />
                <SequencePoint vc="2359" uspid="559" ordinal="0" offset="155" sl="137" sc="25" el="137" ec="25" bec="0" bev="0" fileid="3" />
                <SequencePoint vc="2361" uspid="560" ordinal="0" offset="215" sl="138" sc="25" el="138" ec="25" bec="0" bev="0" fileid="3" />
                <SequencePoint vc="0" uspid="561" ordinal="0" offset="275" sl="140" sc="26" el="140" ec="26" bec="0" bev="0" fileid="3" />
                <SequencePoint vc="9526" uspid="562" ordinal="0" offset="279" sl="142" sc="9" el="142" ec="9" bec="0" bev="0" fileid="3" />
              </SequencePoints>
              <BranchPoints />
            </Method>
            <Method visited="true" cyclomaticComplexity="0" nPathComplexity="0" sequenceCoverage="100.0" branchCoverage="0" crapScore="0" isConstructor="false" isStatic="false" isGetter="false" isSetter="false">
              <Summary numSequencePoints="6" visitedSequencePoints="6" numBranchPoints="0" visitedBranchPoints="0" sequenceCoverage="100.0" branchCoverage="0" maxCyclomaticComplexity="0" minCyclomaticComplexity="0" maxCrapScore="0" minCrapScore="0" visitedClasses="0" numClasses="0" visitedMethods="1" numMethods="1" />
              <MetadataToken>100663324</MetadataToken>
              <Name>System.Void MapGenDLA.MapGenDLA::CreatePreviousTile(UnityEngine.Vector2Int)</Name>
              <FileRef uid="3" />
              <SequencePoints>
                <SequencePoint vc="19" uspid="563" ordinal="0" offset="0" sl="146" sc="9" el="146" ec="9" bec="0" bev="0" fileid="3" />
                <SequencePoint vc="19" uspid="564" ordinal="0" offset="1" sl="147" sc="13" el="147" ec="13" bec="0" bev="0" fileid="3" />
                <SequencePoint vc="19" uspid="565" ordinal="0" offset="63" sl="148" sc="13" el="148" ec="13" bec="0" bev="0" fileid="3" />
                <SequencePoint vc="19" uspid="566" ordinal="0" offset="141" sl="149" sc="13" el="149" ec="13" bec="0" bev="0" fileid="3" />
                <SequencePoint vc="19" uspid="567" ordinal="0" offset="177" sl="150" sc="13" el="150" ec="13" bec="0" bev="0" fileid="3" />
                <SequencePoint vc="19" uspid="568" ordinal="0" offset="189" sl="152" sc="9" el="152" ec="9" bec="0" bev="0" fileid="3" />
              </SequencePoints>
              <BranchPoints />
            </Method>
            <Method visited="true" cyclomaticComplexity="0" nPathComplexity="0" sequenceCoverage="100.0" branchCoverage="0" crapScore="0" isConstructor="true" isStatic="false" isGetter="false" isSetter="false">
              <Summary numSequencePoints="6" visitedSequencePoints="6" numBranchPoints="0" visitedBranchPoints="0" sequenceCoverage="100.0" branchCoverage="0" maxCyclomaticComplexity="0" minCyclomaticComplexity="0" maxCrapScore="0" minCrapScore="0" visitedClasses="0" numClasses="0" visitedMethods="1" numMethods="1" />
              <MetadataToken>100663325</MetadataToken>
              <Name>MapGenDLA.MapGenDLA::MapGenDLA()</Name>
              <FileRef uid="3" />
              <SequencePoints>
                <SequencePoint vc="1" uspid="569" ordinal="0" offset="0" sl="12" sc="26" el="12" ec="26" bec="0" bev="0" fileid="3" />
                <SequencePoint vc="1" uspid="570" ordinal="0" offset="8" sl="16" sc="26" el="16" ec="26" bec="0" bev="0" fileid="3" />
                <SequencePoint vc="1" uspid="571" ordinal="0" offset="16" sl="17" sc="26" el="17" ec="26" bec="0" bev="0" fileid="3" />
                <SequencePoint vc="1" uspid="572" ordinal="0" offset="23" sl="18" sc="26" el="18" ec="26" bec="0" bev="0" fileid="3" />
                <SequencePoint vc="1" uspid="573" ordinal="0" offset="30" sl="19" sc="26" el="19" ec="26" bec="0" bev="0" fileid="3" />
                <SequencePoint vc="1" uspid="574" ordinal="0" offset="38" sl="20" sc="26" el="20" ec="26" bec="0" bev="0" fileid="3" />
              </SequencePoints>
              <BranchPoints />
            </Method>
            <Method visited="true" cyclomaticComplexity="0" nPathComplexity="0" sequenceCoverage="100.0" branchCoverage="0" crapScore="0" isConstructor="true" isStatic="true" isGetter="false" isSetter="false">
              <Summary numSequencePoints="1" visitedSequencePoints="1" numBranchPoints="0" visitedBranchPoints="0" sequenceCoverage="100.0" branchCoverage="0" maxCyclomaticComplexity="0" minCyclomaticComplexity="0" maxCrapScore="0" minCrapScore="0" visitedClasses="0" numClasses="0" visitedMethods="1" numMethods="1" />
              <MetadataToken>100663326</MetadataToken>
              <Name>static MapGenDLA.MapGenDLA::MapGenDLA()</Name>
              <FileRef uid="3" />
              <SequencePoints>
                <SequencePoint vc="1" uspid="575" ordinal="0" offset="0" sl="24" sc="9" el="24" ec="9" bec="0" bev="0" fileid="3" />
              </SequencePoints>
              <BranchPoints />
            </Method>
          </Methods>
        </Class>
      </Classes>
    </Module>
  </Modules>
</CoverageSession>